[DEBUG] 2020-03-18 08:41:41,959 | /home/mandy/frappe-bench/apps/frappe/frappe/utils/scheduler.py:
Site: site1.local
Queued events for site site1.local
[DEBUG] 2020-03-18 08:42:42,201 | /home/mandy/frappe-bench/apps/frappe/frappe/utils/scheduler.py:
Site: site1.local
Queued events for site site1.local
[DEBUG] 2020-03-18 08:43:42,417 | /home/mandy/frappe-bench/apps/frappe/frappe/utils/scheduler.py:
Site: site1.local
Queued events for site site1.local
[DEBUG] 2020-03-18 08:44:42,660 | /home/mandy/frappe-bench/apps/frappe/frappe/utils/scheduler.py:
Site: site1.local
Queued events for site site1.local
[DEBUG] 2020-03-18 08:45:42,862 | /home/mandy/frappe-bench/apps/frappe/frappe/utils/scheduler.py:
Site: site1.local
Queued events for site site1.local
[DEBUG] 2020-03-18 08:46:43,069 | /home/mandy/frappe-bench/apps/frappe/frappe/utils/scheduler.py:
Site: site1.local
Queued events for site site1.local
[DEBUG] 2020-03-18 08:47:43,279 | /home/mandy/frappe-bench/apps/frappe/frappe/utils/scheduler.py:
Site: site1.local
Queued events for site site1.local
[DEBUG] 2020-03-18 08:48:43,524 | /home/mandy/frappe-bench/apps/frappe/frappe/utils/scheduler.py:
Site: site1.local
Queued events for site site1.local
[DEBUG] 2020-03-18 08:49:43,804 | /home/mandy/frappe-bench/apps/frappe/frappe/utils/scheduler.py:
Site: site1.local
Queued events for site site1.local
[DEBUG] 2020-03-18 08:50:44,004 | /home/mandy/frappe-bench/apps/frappe/frappe/utils/scheduler.py:
Site: site1.local
Queued events for site site1.local
[DEBUG] 2020-03-18 08:51:44,198 | /home/mandy/frappe-bench/apps/frappe/frappe/utils/scheduler.py:
Site: site1.local
Queued events for site site1.local
[DEBUG] 2020-03-18 08:52:44,466 | /home/mandy/frappe-bench/apps/frappe/frappe/utils/scheduler.py:
Site: site1.local
Queued events for site site1.local
[DEBUG] 2020-03-18 08:53:44,661 | /home/mandy/frappe-bench/apps/frappe/frappe/utils/scheduler.py:
Site: site1.local
Queued events for site site1.local
[DEBUG] 2020-03-18 08:54:44,875 | /home/mandy/frappe-bench/apps/frappe/frappe/utils/scheduler.py:
Site: site1.local
Queued events for site site1.local
[DEBUG] 2020-03-18 08:55:45,083 | /home/mandy/frappe-bench/apps/frappe/frappe/utils/scheduler.py:
Site: site1.local
Queued events for site site1.local
[DEBUG] 2020-03-18 08:56:45,331 | /home/mandy/frappe-bench/apps/frappe/frappe/utils/scheduler.py:
Site: site1.local
Queued events for site site1.local
[DEBUG] 2020-03-18 08:57:45,525 | /home/mandy/frappe-bench/apps/frappe/frappe/utils/scheduler.py:
Site: site1.local
Queued events for site site1.local
[ERROR] 2020-03-18 08:58:01,532 | /home/mandy/frappe-bench/apps/frappe/frappe/app.py:
Site: site1.local
Form Dict: {
 "cmd": "frappe.core.doctype.sms_settings.sms_settings.send_sms",
 "msg": "Dear Sir/Ma'am, It was our pleasure serving you, your job IM-00277 is completed. We look forward to seeing you again for further details please contact 17601516 Thank you",
 "receiver_list": "[null]"
}
Request Error
Traceback (most recent call last):
  File "/home/mandy/frappe-bench/apps/frappe/frappe/app.py", line 60, in application
    response = frappe.api.handle()
  File "/home/mandy/frappe-bench/apps/frappe/frappe/api.py", line 55, in handle
    return frappe.handler.handle()
  File "/home/mandy/frappe-bench/apps/frappe/frappe/handler.py", line 21, in handle
    data = execute_cmd(cmd)
  File "/home/mandy/frappe-bench/apps/frappe/frappe/handler.py", line 56, in execute_cmd
    return frappe.call(method, **frappe.form_dict)
  File "/home/mandy/frappe-bench/apps/frappe/frappe/__init__.py", line 1036, in call
    return fn(*args, **newargs)
  File "/home/mandy/frappe-bench/apps/frappe/frappe/core/doctype/sms_settings/sms_settings.py", line 53, in send_sms
    receiver_list = validate_receiver_nos(receiver_list)
  File "/home/mandy/frappe-bench/apps/frappe/frappe/core/doctype/sms_settings/sms_settings.py", line 23, in validate_receiver_nos
    d = d.replace(x, '')
AttributeError: 'NoneType' object has no attribute 'replace'
[ERROR] 2020-03-18 08:58:01,926 | /home/mandy/frappe-bench/apps/frappe/frappe/utils/error.py:
Could not take error snapshot: startswith first arg must be str or a tuple of str, not bytes
Traceback (most recent call last):
  File "/home/mandy/frappe-bench/apps/frappe/frappe/app.py", line 60, in application
    response = frappe.api.handle()
  File "/home/mandy/frappe-bench/apps/frappe/frappe/api.py", line 55, in handle
    return frappe.handler.handle()
  File "/home/mandy/frappe-bench/apps/frappe/frappe/handler.py", line 21, in handle
    data = execute_cmd(cmd)
  File "/home/mandy/frappe-bench/apps/frappe/frappe/handler.py", line 56, in execute_cmd
    return frappe.call(method, **frappe.form_dict)
  File "/home/mandy/frappe-bench/apps/frappe/frappe/__init__.py", line 1036, in call
    return fn(*args, **newargs)
  File "/home/mandy/frappe-bench/apps/frappe/frappe/core/doctype/sms_settings/sms_settings.py", line 53, in send_sms
    receiver_list = validate_receiver_nos(receiver_list)
  File "/home/mandy/frappe-bench/apps/frappe/frappe/core/doctype/sms_settings/sms_settings.py", line 23, in validate_receiver_nos
    d = d.replace(x, '')
AttributeError: 'NoneType' object has no attribute 'replace'

During handling of the above exception, another exception occurred:

Traceback (most recent call last):
  File "/home/mandy/frappe-bench/apps/frappe/frappe/utils/error.py", line 36, in make_error_snapshot
    snapshot = get_snapshot(exception)
  File "/home/mandy/frappe-bench/apps/frappe/frappe/utils/error.py", line 131, in get_snapshot
    if type(value)==str and value.startswith(b"u'"):
TypeError: startswith first arg must be str or a tuple of str, not bytes
[DEBUG] 2020-03-18 08:58:45,704 | /home/mandy/frappe-bench/apps/frappe/frappe/utils/scheduler.py:
Site: site1.local
Queued events for site site1.local
[DEBUG] 2020-03-18 08:59:45,909 | /home/mandy/frappe-bench/apps/frappe/frappe/utils/scheduler.py:
Site: site1.local
Queued events for site site1.local
[DEBUG] 2020-03-18 09:00:46,212 | /home/mandy/frappe-bench/apps/frappe/frappe/utils/scheduler.py:
Site: site1.local
Queued events for site site1.local
[DEBUG] 2020-03-18 09:01:46,401 | /home/mandy/frappe-bench/apps/frappe/frappe/utils/scheduler.py:
Site: site1.local
Queued events for site site1.local
[DEBUG] 2020-03-18 09:02:46,604 | /home/mandy/frappe-bench/apps/frappe/frappe/utils/scheduler.py:
Site: site1.local
Queued events for site site1.local
[DEBUG] 2020-03-18 09:03:46,796 | /home/mandy/frappe-bench/apps/frappe/frappe/utils/scheduler.py:
Site: site1.local
Queued events for site site1.local
[DEBUG] 2020-03-18 09:04:47,024 | /home/mandy/frappe-bench/apps/frappe/frappe/utils/scheduler.py:
Site: site1.local
Queued events for site site1.local
[DEBUG] 2020-03-18 09:05:47,225 | /home/mandy/frappe-bench/apps/frappe/frappe/utils/scheduler.py:
Site: site1.local
Queued events for site site1.local
[DEBUG] 2020-03-18 09:06:47,426 | /home/mandy/frappe-bench/apps/frappe/frappe/utils/scheduler.py:
Site: site1.local
Queued events for site site1.local
[DEBUG] 2020-03-18 09:07:47,612 | /home/mandy/frappe-bench/apps/frappe/frappe/utils/scheduler.py:
Site: site1.local
Queued events for site site1.local
[DEBUG] 2020-03-18 09:08:47,840 | /home/mandy/frappe-bench/apps/frappe/frappe/utils/scheduler.py:
Site: site1.local
Queued events for site site1.local
[DEBUG] 2020-03-18 09:09:48,040 | /home/mandy/frappe-bench/apps/frappe/frappe/utils/scheduler.py:
Site: site1.local
Queued events for site site1.local
[DEBUG] 2020-03-18 09:10:48,238 | /home/mandy/frappe-bench/apps/frappe/frappe/utils/scheduler.py:
Site: site1.local
Queued events for site site1.local
[DEBUG] 2020-03-18 09:11:48,448 | /home/mandy/frappe-bench/apps/frappe/frappe/utils/scheduler.py:
Site: site1.local
Queued events for site site1.local
[DEBUG] 2020-03-18 09:12:48,768 | /home/mandy/frappe-bench/apps/frappe/frappe/utils/scheduler.py:
Site: site1.local
Queued events for site site1.local
[DEBUG] 2020-03-18 09:13:48,953 | /home/mandy/frappe-bench/apps/frappe/frappe/utils/scheduler.py:
Site: site1.local
Queued events for site site1.local
[DEBUG] 2020-03-18 09:14:49,146 | /home/mandy/frappe-bench/apps/frappe/frappe/utils/scheduler.py:
Site: site1.local
Queued events for site site1.local
[DEBUG] 2020-03-18 09:15:49,350 | /home/mandy/frappe-bench/apps/frappe/frappe/utils/scheduler.py:
Site: site1.local
Queued events for site site1.local
[DEBUG] 2020-03-18 09:16:49,583 | /home/mandy/frappe-bench/apps/frappe/frappe/utils/scheduler.py:
Site: site1.local
Queued events for site site1.local
[DEBUG] 2020-03-18 09:17:49,795 | /home/mandy/frappe-bench/apps/frappe/frappe/utils/scheduler.py:
Site: site1.local
Queued events for site site1.local
[DEBUG] 2020-03-18 09:18:49,986 | /home/mandy/frappe-bench/apps/frappe/frappe/utils/scheduler.py:
Site: site1.local
Queued events for site site1.local
[DEBUG] 2020-03-18 09:19:50,185 | /home/mandy/frappe-bench/apps/frappe/frappe/utils/scheduler.py:
Site: site1.local
Queued events for site site1.local
[DEBUG] 2020-03-18 09:20:50,431 | /home/mandy/frappe-bench/apps/frappe/frappe/utils/scheduler.py:
Site: site1.local
Queued events for site site1.local
[DEBUG] 2020-03-18 09:21:50,622 | /home/mandy/frappe-bench/apps/frappe/frappe/utils/scheduler.py:
Site: site1.local
Queued events for site site1.local
[DEBUG] 2020-03-18 09:22:50,830 | /home/mandy/frappe-bench/apps/frappe/frappe/utils/scheduler.py:
Site: site1.local
Queued events for site site1.local
[DEBUG] 2020-03-18 09:23:51,040 | /home/mandy/frappe-bench/apps/frappe/frappe/utils/scheduler.py:
Site: site1.local
Queued events for site site1.local
[DEBUG] 2020-03-18 09:24:51,283 | /home/mandy/frappe-bench/apps/frappe/frappe/utils/scheduler.py:
Site: site1.local
Queued events for site site1.local
[DEBUG] 2020-03-18 09:25:51,493 | /home/mandy/frappe-bench/apps/frappe/frappe/utils/scheduler.py:
Site: site1.local
Queued events for site site1.local
[DEBUG] 2020-03-18 09:26:51,686 | /home/mandy/frappe-bench/apps/frappe/frappe/utils/scheduler.py:
Site: site1.local
Queued events for site site1.local
[DEBUG] 2020-03-18 09:27:51,896 | /home/mandy/frappe-bench/apps/frappe/frappe/utils/scheduler.py:
Site: site1.local
Queued events for site site1.local
[DEBUG] 2020-03-18 09:28:52,142 | /home/mandy/frappe-bench/apps/frappe/frappe/utils/scheduler.py:
Site: site1.local
Queued events for site site1.local
[DEBUG] 2020-03-18 09:29:52,329 | /home/mandy/frappe-bench/apps/frappe/frappe/utils/scheduler.py:
Site: site1.local
Queued events for site site1.local
[DEBUG] 2020-03-18 09:30:52,568 | /home/mandy/frappe-bench/apps/frappe/frappe/utils/scheduler.py:
Site: site1.local
Queued events for site site1.local
[DEBUG] 2020-03-18 09:31:52,780 | /home/mandy/frappe-bench/apps/frappe/frappe/utils/scheduler.py:
Site: site1.local
Queued events for site site1.local
[DEBUG] 2020-03-18 09:32:53,030 | /home/mandy/frappe-bench/apps/frappe/frappe/utils/scheduler.py:
Site: site1.local
Queued events for site site1.local
[DEBUG] 2020-03-18 09:33:53,237 | /home/mandy/frappe-bench/apps/frappe/frappe/utils/scheduler.py:
Site: site1.local
Queued events for site site1.local
[DEBUG] 2020-03-18 09:34:53,443 | /home/mandy/frappe-bench/apps/frappe/frappe/utils/scheduler.py:
Site: site1.local
Queued events for site site1.local
[DEBUG] 2020-03-18 09:35:53,636 | /home/mandy/frappe-bench/apps/frappe/frappe/utils/scheduler.py:
Site: site1.local
Queued events for site site1.local
[DEBUG] 2020-03-18 09:36:53,885 | /home/mandy/frappe-bench/apps/frappe/frappe/utils/scheduler.py:
Site: site1.local
Queued events for site site1.local
[DEBUG] 2020-03-18 09:37:54,093 | /home/mandy/frappe-bench/apps/frappe/frappe/utils/scheduler.py:
Site: site1.local
Queued events for site site1.local
[DEBUG] 2020-03-18 09:38:54,313 | /home/mandy/frappe-bench/apps/frappe/frappe/utils/scheduler.py:
Site: site1.local
Queued events for site site1.local
[DEBUG] 2020-03-18 09:39:54,497 | /home/mandy/frappe-bench/apps/frappe/frappe/utils/scheduler.py:
Site: site1.local
Queued events for site site1.local
[DEBUG] 2020-03-18 09:40:54,743 | /home/mandy/frappe-bench/apps/frappe/frappe/utils/scheduler.py:
Site: site1.local
Queued events for site site1.local
[DEBUG] 2020-03-18 09:41:54,919 | /home/mandy/frappe-bench/apps/frappe/frappe/utils/scheduler.py:
Site: site1.local
Queued events for site site1.local
[DEBUG] 2020-03-18 09:42:55,158 | /home/mandy/frappe-bench/apps/frappe/frappe/utils/scheduler.py:
Site: site1.local
Queued events for site site1.local
[DEBUG] 2020-03-18 09:43:55,346 | /home/mandy/frappe-bench/apps/frappe/frappe/utils/scheduler.py:
Site: site1.local
Queued events for site site1.local
[DEBUG] 2020-03-18 09:44:55,579 | /home/mandy/frappe-bench/apps/frappe/frappe/utils/scheduler.py:
Site: site1.local
Queued events for site site1.local
[DEBUG] 2020-03-18 09:45:55,770 | /home/mandy/frappe-bench/apps/frappe/frappe/utils/scheduler.py:
Site: site1.local
Queued events for site site1.local
[DEBUG] 2020-03-18 09:46:55,955 | /home/mandy/frappe-bench/apps/frappe/frappe/utils/scheduler.py:
Site: site1.local
Queued events for site site1.local
[DEBUG] 2020-03-18 09:47:56,149 | /home/mandy/frappe-bench/apps/frappe/frappe/utils/scheduler.py:
Site: site1.local
Queued events for site site1.local
[DEBUG] 2020-03-18 09:48:56,376 | /home/mandy/frappe-bench/apps/frappe/frappe/utils/scheduler.py:
Site: site1.local
Queued events for site site1.local
[DEBUG] 2020-03-18 09:49:56,559 | /home/mandy/frappe-bench/apps/frappe/frappe/utils/scheduler.py:
Site: site1.local
Queued events for site site1.local
[DEBUG] 2020-03-18 09:50:56,753 | /home/mandy/frappe-bench/apps/frappe/frappe/utils/scheduler.py:
Site: site1.local
Queued events for site site1.local
[DEBUG] 2020-03-18 09:51:56,939 | /home/mandy/frappe-bench/apps/frappe/frappe/utils/scheduler.py:
Site: site1.local
Queued events for site site1.local
[DEBUG] 2020-03-18 09:52:57,175 | /home/mandy/frappe-bench/apps/frappe/frappe/utils/scheduler.py:
Site: site1.local
Queued events for site site1.local
[DEBUG] 2020-03-18 09:53:57,372 | /home/mandy/frappe-bench/apps/frappe/frappe/utils/scheduler.py:
Site: site1.local
Queued events for site site1.local
[DEBUG] 2020-03-18 09:54:57,555 | /home/mandy/frappe-bench/apps/frappe/frappe/utils/scheduler.py:
Site: site1.local
Queued events for site site1.local
[DEBUG] 2020-03-18 09:55:57,743 | /home/mandy/frappe-bench/apps/frappe/frappe/utils/scheduler.py:
Site: site1.local
Queued events for site site1.local
[DEBUG] 2020-03-18 09:56:57,978 | /home/mandy/frappe-bench/apps/frappe/frappe/utils/scheduler.py:
Site: site1.local
Queued events for site site1.local
[DEBUG] 2020-03-18 09:57:58,171 | /home/mandy/frappe-bench/apps/frappe/frappe/utils/scheduler.py:
Site: site1.local
Queued events for site site1.local
[DEBUG] 2020-03-18 09:58:58,371 | /home/mandy/frappe-bench/apps/frappe/frappe/utils/scheduler.py:
Site: site1.local
Queued events for site site1.local
[DEBUG] 2020-03-18 09:59:58,571 | /home/mandy/frappe-bench/apps/frappe/frappe/utils/scheduler.py:
Site: site1.local
Queued events for site site1.local
[DEBUG] 2020-03-18 10:00:58,873 | /home/mandy/frappe-bench/apps/frappe/frappe/utils/scheduler.py:
Site: site1.local
Queued events for site site1.local
[DEBUG] 2020-03-18 10:01:59,104 | /home/mandy/frappe-bench/apps/frappe/frappe/utils/scheduler.py:
Site: site1.local
Queued events for site site1.local
[DEBUG] 2020-03-18 10:02:59,306 | /home/mandy/frappe-bench/apps/frappe/frappe/utils/scheduler.py:
Site: site1.local
Queued events for site site1.local
[DEBUG] 2020-03-18 10:03:59,493 | /home/mandy/frappe-bench/apps/frappe/frappe/utils/scheduler.py:
Site: site1.local
Queued events for site site1.local
[DEBUG] 2020-03-18 10:04:59,721 | /home/mandy/frappe-bench/apps/frappe/frappe/utils/scheduler.py:
Site: site1.local
Queued events for site site1.local
[DEBUG] 2020-03-18 10:05:59,914 | /home/mandy/frappe-bench/apps/frappe/frappe/utils/scheduler.py:
Site: site1.local
Queued events for site site1.local
[DEBUG] 2020-03-18 10:07:00,109 | /home/mandy/frappe-bench/apps/frappe/frappe/utils/scheduler.py:
Site: site1.local
Queued events for site site1.local
[DEBUG] 2020-03-18 10:08:00,345 | /home/mandy/frappe-bench/apps/frappe/frappe/utils/scheduler.py:
Site: site1.local
Queued events for site site1.local
[DEBUG] 2020-03-18 10:09:00,560 | /home/mandy/frappe-bench/apps/frappe/frappe/utils/scheduler.py:
Site: site1.local
Queued events for site site1.local
[DEBUG] 2020-03-18 10:10:00,763 | /home/mandy/frappe-bench/apps/frappe/frappe/utils/scheduler.py:
Site: site1.local
Queued events for site site1.local
[DEBUG] 2020-03-18 10:11:00,952 | /home/mandy/frappe-bench/apps/frappe/frappe/utils/scheduler.py:
Site: site1.local
Queued events for site site1.local
[DEBUG] 2020-03-18 10:12:01,171 | /home/mandy/frappe-bench/apps/frappe/frappe/utils/scheduler.py:
Site: site1.local
Queued events for site site1.local
[DEBUG] 2020-03-18 10:13:01,362 | /home/mandy/frappe-bench/apps/frappe/frappe/utils/scheduler.py:
Site: site1.local
Queued events for site site1.local
[DEBUG] 2020-03-18 10:14:01,567 | /home/mandy/frappe-bench/apps/frappe/frappe/utils/scheduler.py:
Site: site1.local
Queued events for site site1.local
[DEBUG] 2020-03-18 10:15:01,771 | /home/mandy/frappe-bench/apps/frappe/frappe/utils/scheduler.py:
Site: site1.local
Queued events for site site1.local
[DEBUG] 2020-03-18 10:16:02,008 | /home/mandy/frappe-bench/apps/frappe/frappe/utils/scheduler.py:
Site: site1.local
Queued events for site site1.local
[DEBUG] 2020-03-18 10:17:02,272 | /home/mandy/frappe-bench/apps/frappe/frappe/utils/scheduler.py:
Site: site1.local
Queued events for site site1.local
[DEBUG] 2020-03-18 10:18:02,476 | /home/mandy/frappe-bench/apps/frappe/frappe/utils/scheduler.py:
Site: site1.local
Queued events for site site1.local
[DEBUG] 2020-03-18 10:19:02,682 | /home/mandy/frappe-bench/apps/frappe/frappe/utils/scheduler.py:
Site: site1.local
Queued events for site site1.local
[DEBUG] 2020-03-18 10:20:02,896 | /home/mandy/frappe-bench/apps/frappe/frappe/utils/scheduler.py:
Site: site1.local
Queued events for site site1.local
[DEBUG] 2020-03-18 10:21:03,181 | /home/mandy/frappe-bench/apps/frappe/frappe/utils/scheduler.py:
Site: site1.local
Queued events for site site1.local
[DEBUG] 2020-03-18 10:22:03,374 | /home/mandy/frappe-bench/apps/frappe/frappe/utils/scheduler.py:
Site: site1.local
Queued events for site site1.local
[DEBUG] 2020-03-18 10:23:03,579 | /home/mandy/frappe-bench/apps/frappe/frappe/utils/scheduler.py:
Site: site1.local
Queued events for site site1.local
[ERROR] 2020-03-18 10:23:57,612 | /home/mandy/frappe-bench/apps/frappe/frappe/app.py:
Site: site1.local
Form Dict: {
 "cmd": "frappe.core.doctype.sms_settings.sms_settings.send_sms",
 "msg": "Dear Sir/Ma'am, It was our pleasure serving you, your job IM-00213 is completed. We look forward to seeing you again for further details please contact 17601516 Thank you",
 "receiver_list": "[null]"
}
Request Error
Traceback (most recent call last):
  File "/home/mandy/frappe-bench/apps/frappe/frappe/app.py", line 60, in application
    response = frappe.api.handle()
  File "/home/mandy/frappe-bench/apps/frappe/frappe/api.py", line 55, in handle
    return frappe.handler.handle()
  File "/home/mandy/frappe-bench/apps/frappe/frappe/handler.py", line 21, in handle
    data = execute_cmd(cmd)
  File "/home/mandy/frappe-bench/apps/frappe/frappe/handler.py", line 56, in execute_cmd
    return frappe.call(method, **frappe.form_dict)
  File "/home/mandy/frappe-bench/apps/frappe/frappe/__init__.py", line 1036, in call
    return fn(*args, **newargs)
  File "/home/mandy/frappe-bench/apps/frappe/frappe/core/doctype/sms_settings/sms_settings.py", line 53, in send_sms
    receiver_list = validate_receiver_nos(receiver_list)
  File "/home/mandy/frappe-bench/apps/frappe/frappe/core/doctype/sms_settings/sms_settings.py", line 23, in validate_receiver_nos
    d = d.replace(x, '')
AttributeError: 'NoneType' object has no attribute 'replace'
[ERROR] 2020-03-18 10:23:57,618 | /home/mandy/frappe-bench/apps/frappe/frappe/utils/error.py:
Could not take error snapshot: startswith first arg must be str or a tuple of str, not bytes
Traceback (most recent call last):
  File "/home/mandy/frappe-bench/apps/frappe/frappe/app.py", line 60, in application
    response = frappe.api.handle()
  File "/home/mandy/frappe-bench/apps/frappe/frappe/api.py", line 55, in handle
    return frappe.handler.handle()
  File "/home/mandy/frappe-bench/apps/frappe/frappe/handler.py", line 21, in handle
    data = execute_cmd(cmd)
  File "/home/mandy/frappe-bench/apps/frappe/frappe/handler.py", line 56, in execute_cmd
    return frappe.call(method, **frappe.form_dict)
  File "/home/mandy/frappe-bench/apps/frappe/frappe/__init__.py", line 1036, in call
    return fn(*args, **newargs)
  File "/home/mandy/frappe-bench/apps/frappe/frappe/core/doctype/sms_settings/sms_settings.py", line 53, in send_sms
    receiver_list = validate_receiver_nos(receiver_list)
  File "/home/mandy/frappe-bench/apps/frappe/frappe/core/doctype/sms_settings/sms_settings.py", line 23, in validate_receiver_nos
    d = d.replace(x, '')
AttributeError: 'NoneType' object has no attribute 'replace'

During handling of the above exception, another exception occurred:

Traceback (most recent call last):
  File "/home/mandy/frappe-bench/apps/frappe/frappe/utils/error.py", line 36, in make_error_snapshot
    snapshot = get_snapshot(exception)
  File "/home/mandy/frappe-bench/apps/frappe/frappe/utils/error.py", line 131, in get_snapshot
    if type(value)==str and value.startswith(b"u'"):
TypeError: startswith first arg must be str or a tuple of str, not bytes
[DEBUG] 2020-03-18 10:24:03,829 | /home/mandy/frappe-bench/apps/frappe/frappe/utils/scheduler.py:
Site: site1.local
Queued events for site site1.local
[DEBUG] 2020-03-18 10:25:04,031 | /home/mandy/frappe-bench/apps/frappe/frappe/utils/scheduler.py:
Site: site1.local
Queued events for site site1.local
[DEBUG] 2020-03-18 10:26:04,234 | /home/mandy/frappe-bench/apps/frappe/frappe/utils/scheduler.py:
Site: site1.local
Queued events for site site1.local
[DEBUG] 2020-03-18 10:27:04,443 | /home/mandy/frappe-bench/apps/frappe/frappe/utils/scheduler.py:
Site: site1.local
Queued events for site site1.local
[DEBUG] 2020-03-18 10:28:04,686 | /home/mandy/frappe-bench/apps/frappe/frappe/utils/scheduler.py:
Site: site1.local
Queued events for site site1.local
[DEBUG] 2020-03-18 10:29:04,881 | /home/mandy/frappe-bench/apps/frappe/frappe/utils/scheduler.py:
Site: site1.local
Queued events for site site1.local
[DEBUG] 2020-03-18 10:30:05,077 | /home/mandy/frappe-bench/apps/frappe/frappe/utils/scheduler.py:
Site: site1.local
Queued events for site site1.local
[DEBUG] 2020-03-18 10:31:05,275 | /home/mandy/frappe-bench/apps/frappe/frappe/utils/scheduler.py:
Site: site1.local
Queued events for site site1.local
[DEBUG] 2020-03-18 10:32:05,497 | /home/mandy/frappe-bench/apps/frappe/frappe/utils/scheduler.py:
Site: site1.local
Queued events for site site1.local
[DEBUG] 2020-03-18 10:33:05,711 | /home/mandy/frappe-bench/apps/frappe/frappe/utils/scheduler.py:
Site: site1.local
Queued events for site site1.local
[DEBUG] 2020-03-18 10:34:05,899 | /home/mandy/frappe-bench/apps/frappe/frappe/utils/scheduler.py:
Site: site1.local
Queued events for site site1.local
[DEBUG] 2020-03-18 10:35:06,131 | /home/mandy/frappe-bench/apps/frappe/frappe/utils/scheduler.py:
Site: site1.local
Queued events for site site1.local
[DEBUG] 2020-03-18 10:36:06,359 | /home/mandy/frappe-bench/apps/frappe/frappe/utils/scheduler.py:
Site: site1.local
Queued events for site site1.local
[DEBUG] 2020-03-18 10:37:06,555 | /home/mandy/frappe-bench/apps/frappe/frappe/utils/scheduler.py:
Site: site1.local
Queued events for site site1.local
[DEBUG] 2020-03-18 10:38:06,757 | /home/mandy/frappe-bench/apps/frappe/frappe/utils/scheduler.py:
Site: site1.local
Queued events for site site1.local
[DEBUG] 2020-03-18 10:39:06,959 | /home/mandy/frappe-bench/apps/frappe/frappe/utils/scheduler.py:
Site: site1.local
Queued events for site site1.local
[DEBUG] 2020-03-18 10:40:07,202 | /home/mandy/frappe-bench/apps/frappe/frappe/utils/scheduler.py:
Site: site1.local
Queued events for site site1.local
[DEBUG] 2020-03-18 10:41:07,397 | /home/mandy/frappe-bench/apps/frappe/frappe/utils/scheduler.py:
Site: site1.local
Queued events for site site1.local
[DEBUG] 2020-03-18 10:42:07,592 | /home/mandy/frappe-bench/apps/frappe/frappe/utils/scheduler.py:
Site: site1.local
Queued events for site site1.local
[DEBUG] 2020-03-18 10:43:07,801 | /home/mandy/frappe-bench/apps/frappe/frappe/utils/scheduler.py:
Site: site1.local
Queued events for site site1.local
[DEBUG] 2020-03-18 10:44:08,035 | /home/mandy/frappe-bench/apps/frappe/frappe/utils/scheduler.py:
Site: site1.local
Queued events for site site1.local
[DEBUG] 2020-03-18 10:45:08,244 | /home/mandy/frappe-bench/apps/frappe/frappe/utils/scheduler.py:
Site: site1.local
Queued events for site site1.local
[DEBUG] 2020-03-18 10:46:08,436 | /home/mandy/frappe-bench/apps/frappe/frappe/utils/scheduler.py:
Site: site1.local
Queued events for site site1.local
[DEBUG] 2020-03-18 10:47:08,643 | /home/mandy/frappe-bench/apps/frappe/frappe/utils/scheduler.py:
Site: site1.local
Queued events for site site1.local
[DEBUG] 2020-03-18 10:48:08,892 | /home/mandy/frappe-bench/apps/frappe/frappe/utils/scheduler.py:
Site: site1.local
Queued events for site site1.local
[DEBUG] 2020-03-18 10:49:09,083 | /home/mandy/frappe-bench/apps/frappe/frappe/utils/scheduler.py:
Site: site1.local
Queued events for site site1.local
[DEBUG] 2020-03-18 10:50:09,253 | /home/mandy/frappe-bench/apps/frappe/frappe/utils/scheduler.py:
Site: site1.local
Queued events for site site1.local
[DEBUG] 2020-03-18 10:51:09,456 | /home/mandy/frappe-bench/apps/frappe/frappe/utils/scheduler.py:
Site: site1.local
Queued events for site site1.local
[DEBUG] 2020-03-18 10:52:09,827 | /home/mandy/frappe-bench/apps/frappe/frappe/utils/scheduler.py:
Site: site1.local
Queued events for site site1.local
[DEBUG] 2020-03-18 10:53:10,032 | /home/mandy/frappe-bench/apps/frappe/frappe/utils/scheduler.py:
Site: site1.local
Queued events for site site1.local
[DEBUG] 2020-03-18 10:54:10,232 | /home/mandy/frappe-bench/apps/frappe/frappe/utils/scheduler.py:
Site: site1.local
Queued events for site site1.local
[DEBUG] 2020-03-18 10:55:10,440 | /home/mandy/frappe-bench/apps/frappe/frappe/utils/scheduler.py:
Site: site1.local
Queued events for site site1.local
[DEBUG] 2020-03-18 10:56:10,687 | /home/mandy/frappe-bench/apps/frappe/frappe/utils/scheduler.py:
Site: site1.local
Queued events for site site1.local
[DEBUG] 2020-03-18 10:57:10,897 | /home/mandy/frappe-bench/apps/frappe/frappe/utils/scheduler.py:
Site: site1.local
Queued events for site site1.local
[DEBUG] 2020-03-18 10:58:11,104 | /home/mandy/frappe-bench/apps/frappe/frappe/utils/scheduler.py:
Site: site1.local
Queued events for site site1.local
[DEBUG] 2020-03-18 10:59:11,318 | /home/mandy/frappe-bench/apps/frappe/frappe/utils/scheduler.py:
Site: site1.local
Queued events for site site1.local
[DEBUG] 2020-03-18 11:00:11,613 | /home/mandy/frappe-bench/apps/frappe/frappe/utils/scheduler.py:
Site: site1.local
Queued events for site site1.local
[DEBUG] 2020-03-18 11:01:11,808 | /home/mandy/frappe-bench/apps/frappe/frappe/utils/scheduler.py:
Site: site1.local
Queued events for site site1.local
[DEBUG] 2020-03-18 11:02:12,009 | /home/mandy/frappe-bench/apps/frappe/frappe/utils/scheduler.py:
Site: site1.local
Queued events for site site1.local
[DEBUG] 2020-03-18 11:03:12,227 | /home/mandy/frappe-bench/apps/frappe/frappe/utils/scheduler.py:
Site: site1.local
Queued events for site site1.local
[DEBUG] 2020-03-18 11:04:12,469 | /home/mandy/frappe-bench/apps/frappe/frappe/utils/scheduler.py:
Site: site1.local
Queued events for site site1.local
[DEBUG] 2020-03-18 11:05:12,728 | /home/mandy/frappe-bench/apps/frappe/frappe/utils/scheduler.py:
Site: site1.local
Queued events for site site1.local
[DEBUG] 2020-03-18 11:06:12,922 | /home/mandy/frappe-bench/apps/frappe/frappe/utils/scheduler.py:
Site: site1.local
Queued events for site site1.local
[DEBUG] 2020-03-18 11:07:13,123 | /home/mandy/frappe-bench/apps/frappe/frappe/utils/scheduler.py:
Site: site1.local
Queued events for site site1.local
[DEBUG] 2020-03-18 11:08:13,366 | /home/mandy/frappe-bench/apps/frappe/frappe/utils/scheduler.py:
Site: site1.local
Queued events for site site1.local
[DEBUG] 2020-03-18 11:09:13,588 | /home/mandy/frappe-bench/apps/frappe/frappe/utils/scheduler.py:
Site: site1.local
Queued events for site site1.local
[DEBUG] 2020-03-18 11:10:13,808 | /home/mandy/frappe-bench/apps/frappe/frappe/utils/scheduler.py:
Site: site1.local
Queued events for site site1.local
[DEBUG] 2020-03-18 11:11:13,989 | /home/mandy/frappe-bench/apps/frappe/frappe/utils/scheduler.py:
Site: site1.local
Queued events for site site1.local
[DEBUG] 2020-03-18 11:12:14,211 | /home/mandy/frappe-bench/apps/frappe/frappe/utils/scheduler.py:
Site: site1.local
Queued events for site site1.local
[DEBUG] 2020-03-18 11:13:14,424 | /home/mandy/frappe-bench/apps/frappe/frappe/utils/scheduler.py:
Site: site1.local
Queued events for site site1.local
[DEBUG] 2020-03-18 11:14:14,620 | /home/mandy/frappe-bench/apps/frappe/frappe/utils/scheduler.py:
Site: site1.local
Queued events for site site1.local
[DEBUG] 2020-03-18 11:15:14,842 | /home/mandy/frappe-bench/apps/frappe/frappe/utils/scheduler.py:
Site: site1.local
Queued events for site site1.local
[DEBUG] 2020-03-18 11:16:15,067 | /home/mandy/frappe-bench/apps/frappe/frappe/utils/scheduler.py:
Site: site1.local
Queued events for site site1.local
[DEBUG] 2020-03-18 11:17:15,261 | /home/mandy/frappe-bench/apps/frappe/frappe/utils/scheduler.py:
Site: site1.local
Queued events for site site1.local
[DEBUG] 2020-03-18 11:18:15,438 | /home/mandy/frappe-bench/apps/frappe/frappe/utils/scheduler.py:
Site: site1.local
Queued events for site site1.local
[DEBUG] 2020-03-18 11:19:15,622 | /home/mandy/frappe-bench/apps/frappe/frappe/utils/scheduler.py:
Site: site1.local
Queued events for site site1.local
[DEBUG] 2020-03-18 11:20:15,855 | /home/mandy/frappe-bench/apps/frappe/frappe/utils/scheduler.py:
Site: site1.local
Queued events for site site1.local
[DEBUG] 2020-03-18 11:21:16,043 | /home/mandy/frappe-bench/apps/frappe/frappe/utils/scheduler.py:
Site: site1.local
Queued events for site site1.local
[DEBUG] 2020-03-18 11:22:16,262 | /home/mandy/frappe-bench/apps/frappe/frappe/utils/scheduler.py:
Site: site1.local
Queued events for site site1.local
[DEBUG] 2020-03-18 11:23:16,495 | /home/mandy/frappe-bench/apps/frappe/frappe/utils/scheduler.py:
Site: site1.local
Queued events for site site1.local
[DEBUG] 2020-03-18 11:24:16,733 | /home/mandy/frappe-bench/apps/frappe/frappe/utils/scheduler.py:
Site: site1.local
Queued events for site site1.local
[DEBUG] 2020-03-18 11:25:16,993 | /home/mandy/frappe-bench/apps/frappe/frappe/utils/scheduler.py:
Site: site1.local
Queued events for site site1.local
[DEBUG] 2020-03-18 11:26:17,188 | /home/mandy/frappe-bench/apps/frappe/frappe/utils/scheduler.py:
Site: site1.local
Queued events for site site1.local
[DEBUG] 2020-03-18 11:27:17,388 | /home/mandy/frappe-bench/apps/frappe/frappe/utils/scheduler.py:
Site: site1.local
Queued events for site site1.local
[DEBUG] 2020-03-18 11:28:17,629 | /home/mandy/frappe-bench/apps/frappe/frappe/utils/scheduler.py:
Site: site1.local
Queued events for site site1.local
[DEBUG] 2020-03-18 11:29:17,807 | /home/mandy/frappe-bench/apps/frappe/frappe/utils/scheduler.py:
Site: site1.local
Queued events for site site1.local
[DEBUG] 2020-03-18 11:30:18,003 | /home/mandy/frappe-bench/apps/frappe/frappe/utils/scheduler.py:
Site: site1.local
Queued events for site site1.local
[DEBUG] 2020-03-18 11:31:18,179 | /home/mandy/frappe-bench/apps/frappe/frappe/utils/scheduler.py:
Site: site1.local
Queued events for site site1.local
[DEBUG] 2020-03-18 11:32:18,485 | /home/mandy/frappe-bench/apps/frappe/frappe/utils/scheduler.py:
Site: site1.local
Queued events for site site1.local
[DEBUG] 2020-03-18 11:33:18,748 | /home/mandy/frappe-bench/apps/frappe/frappe/utils/scheduler.py:
Site: site1.local
Queued events for site site1.local
[DEBUG] 2020-03-18 11:34:18,924 | /home/mandy/frappe-bench/apps/frappe/frappe/utils/scheduler.py:
Site: site1.local
Queued events for site site1.local
[DEBUG] 2020-03-18 11:35:19,118 | /home/mandy/frappe-bench/apps/frappe/frappe/utils/scheduler.py:
Site: site1.local
Queued events for site site1.local
[DEBUG] 2020-03-18 11:36:19,350 | /home/mandy/frappe-bench/apps/frappe/frappe/utils/scheduler.py:
Site: site1.local
Queued events for site site1.local
[DEBUG] 2020-03-18 11:37:19,547 | /home/mandy/frappe-bench/apps/frappe/frappe/utils/scheduler.py:
Site: site1.local
Queued events for site site1.local
[DEBUG] 2020-03-18 11:38:19,747 | /home/mandy/frappe-bench/apps/frappe/frappe/utils/scheduler.py:
Site: site1.local
Queued events for site site1.local
[DEBUG] 2020-03-18 11:39:19,932 | /home/mandy/frappe-bench/apps/frappe/frappe/utils/scheduler.py:
Site: site1.local
Queued events for site site1.local
[DEBUG] 2020-03-18 11:40:20,167 | /home/mandy/frappe-bench/apps/frappe/frappe/utils/scheduler.py:
Site: site1.local
Queued events for site site1.local
[DEBUG] 2020-03-18 11:41:20,364 | /home/mandy/frappe-bench/apps/frappe/frappe/utils/scheduler.py:
Site: site1.local
Queued events for site site1.local
[DEBUG] 2020-03-18 11:42:20,595 | /home/mandy/frappe-bench/apps/frappe/frappe/utils/scheduler.py:
Site: site1.local
Queued events for site site1.local
[DEBUG] 2020-03-18 11:43:20,782 | /home/mandy/frappe-bench/apps/frappe/frappe/utils/scheduler.py:
Site: site1.local
Queued events for site site1.local
[DEBUG] 2020-03-18 11:44:21,040 | /home/mandy/frappe-bench/apps/frappe/frappe/utils/scheduler.py:
Site: site1.local
Queued events for site site1.local
[DEBUG] 2020-03-18 11:45:21,243 | /home/mandy/frappe-bench/apps/frappe/frappe/utils/scheduler.py:
Site: site1.local
Queued events for site site1.local
[DEBUG] 2020-03-18 11:46:21,437 | /home/mandy/frappe-bench/apps/frappe/frappe/utils/scheduler.py:
Site: site1.local
Queued events for site site1.local
[DEBUG] 2020-03-18 11:47:21,644 | /home/mandy/frappe-bench/apps/frappe/frappe/utils/scheduler.py:
Site: site1.local
Queued events for site site1.local
[DEBUG] 2020-03-18 11:48:21,884 | /home/mandy/frappe-bench/apps/frappe/frappe/utils/scheduler.py:
Site: site1.local
Queued events for site site1.local
[DEBUG] 2020-03-18 11:49:22,085 | /home/mandy/frappe-bench/apps/frappe/frappe/utils/scheduler.py:
Site: site1.local
Queued events for site site1.local
[DEBUG] 2020-03-18 11:50:22,288 | /home/mandy/frappe-bench/apps/frappe/frappe/utils/scheduler.py:
Site: site1.local
Queued events for site site1.local
[DEBUG] 2020-03-18 11:51:22,483 | /home/mandy/frappe-bench/apps/frappe/frappe/utils/scheduler.py:
Site: site1.local
Queued events for site site1.local
[DEBUG] 2020-03-18 11:52:22,725 | /home/mandy/frappe-bench/apps/frappe/frappe/utils/scheduler.py:
Site: site1.local
Queued events for site site1.local
[DEBUG] 2020-03-18 11:53:22,904 | /home/mandy/frappe-bench/apps/frappe/frappe/utils/scheduler.py:
Site: site1.local
Queued events for site site1.local
[DEBUG] 2020-03-18 11:54:23,090 | /home/mandy/frappe-bench/apps/frappe/frappe/utils/scheduler.py:
Site: site1.local
Queued events for site site1.local
[DEBUG] 2020-03-18 11:55:23,294 | /home/mandy/frappe-bench/apps/frappe/frappe/utils/scheduler.py:
Site: site1.local
Queued events for site site1.local
[DEBUG] 2020-03-18 11:56:23,544 | /home/mandy/frappe-bench/apps/frappe/frappe/utils/scheduler.py:
Site: site1.local
Queued events for site site1.local
[DEBUG] 2020-03-18 11:57:23,749 | /home/mandy/frappe-bench/apps/frappe/frappe/utils/scheduler.py:
Site: site1.local
Queued events for site site1.local
[DEBUG] 2020-03-18 11:58:23,967 | /home/mandy/frappe-bench/apps/frappe/frappe/utils/scheduler.py:
Site: site1.local
Queued events for site site1.local
[DEBUG] 2020-03-18 11:59:24,172 | /home/mandy/frappe-bench/apps/frappe/frappe/utils/scheduler.py:
Site: site1.local
Queued events for site site1.local
[DEBUG] 2020-03-18 12:00:24,465 | /home/mandy/frappe-bench/apps/frappe/frappe/utils/scheduler.py:
Site: site1.local
Queued events for site site1.local
[DEBUG] 2020-03-18 12:01:24,654 | /home/mandy/frappe-bench/apps/frappe/frappe/utils/scheduler.py:
Site: site1.local
Queued events for site site1.local
[DEBUG] 2020-03-18 12:02:24,860 | /home/mandy/frappe-bench/apps/frappe/frappe/utils/scheduler.py:
Site: site1.local
Queued events for site site1.local
[DEBUG] 2020-03-18 12:03:25,062 | /home/mandy/frappe-bench/apps/frappe/frappe/utils/scheduler.py:
Site: site1.local
Queued events for site site1.local
[DEBUG] 2020-03-18 12:04:25,318 | /home/mandy/frappe-bench/apps/frappe/frappe/utils/scheduler.py:
Site: site1.local
Queued events for site site1.local
[DEBUG] 2020-03-18 12:05:25,570 | /home/mandy/frappe-bench/apps/frappe/frappe/utils/scheduler.py:
Site: site1.local
Queued events for site site1.local
[DEBUG] 2020-03-18 12:06:25,771 | /home/mandy/frappe-bench/apps/frappe/frappe/utils/scheduler.py:
Site: site1.local
Queued events for site site1.local
[DEBUG] 2020-03-18 12:07:25,957 | /home/mandy/frappe-bench/apps/frappe/frappe/utils/scheduler.py:
Site: site1.local
Queued events for site site1.local
[DEBUG] 2020-03-18 12:08:26,193 | /home/mandy/frappe-bench/apps/frappe/frappe/utils/scheduler.py:
Site: site1.local
Queued events for site site1.local
[DEBUG] 2020-03-18 12:09:26,383 | /home/mandy/frappe-bench/apps/frappe/frappe/utils/scheduler.py:
Site: site1.local
Queued events for site site1.local
[DEBUG] 2020-03-18 12:10:26,585 | /home/mandy/frappe-bench/apps/frappe/frappe/utils/scheduler.py:
Site: site1.local
Queued events for site site1.local
[DEBUG] 2020-03-18 12:11:26,788 | /home/mandy/frappe-bench/apps/frappe/frappe/utils/scheduler.py:
Site: site1.local
Queued events for site site1.local
[DEBUG] 2020-03-18 12:12:27,035 | /home/mandy/frappe-bench/apps/frappe/frappe/utils/scheduler.py:
Site: site1.local
Queued events for site site1.local
[DEBUG] 2020-03-18 12:13:27,248 | /home/mandy/frappe-bench/apps/frappe/frappe/utils/scheduler.py:
Site: site1.local
Queued events for site site1.local
[DEBUG] 2020-03-18 12:14:27,450 | /home/mandy/frappe-bench/apps/frappe/frappe/utils/scheduler.py:
Site: site1.local
Queued events for site site1.local
[DEBUG] 2020-03-18 12:15:27,649 | /home/mandy/frappe-bench/apps/frappe/frappe/utils/scheduler.py:
Site: site1.local
Queued events for site site1.local
[DEBUG] 2020-03-18 12:16:27,867 | /home/mandy/frappe-bench/apps/frappe/frappe/utils/scheduler.py:
Site: site1.local
Queued events for site site1.local
[DEBUG] 2020-03-18 12:17:28,066 | /home/mandy/frappe-bench/apps/frappe/frappe/utils/scheduler.py:
Site: site1.local
Queued events for site site1.local
[DEBUG] 2020-03-18 12:18:28,270 | /home/mandy/frappe-bench/apps/frappe/frappe/utils/scheduler.py:
Site: site1.local
Queued events for site site1.local
[DEBUG] 2020-03-18 12:19:28,477 | /home/mandy/frappe-bench/apps/frappe/frappe/utils/scheduler.py:
Site: site1.local
Queued events for site site1.local
[DEBUG] 2020-03-18 12:20:28,729 | /home/mandy/frappe-bench/apps/frappe/frappe/utils/scheduler.py:
Site: site1.local
Queued events for site site1.local
[DEBUG] 2020-03-18 12:21:28,937 | /home/mandy/frappe-bench/apps/frappe/frappe/utils/scheduler.py:
Site: site1.local
Queued events for site site1.local
[DEBUG] 2020-03-18 12:22:29,132 | /home/mandy/frappe-bench/apps/frappe/frappe/utils/scheduler.py:
Site: site1.local
Queued events for site site1.local
[DEBUG] 2020-03-18 12:23:29,327 | /home/mandy/frappe-bench/apps/frappe/frappe/utils/scheduler.py:
Site: site1.local
Queued events for site site1.local
[DEBUG] 2020-03-18 12:24:29,563 | /home/mandy/frappe-bench/apps/frappe/frappe/utils/scheduler.py:
Site: site1.local
Queued events for site site1.local
[DEBUG] 2020-03-18 12:25:29,763 | /home/mandy/frappe-bench/apps/frappe/frappe/utils/scheduler.py:
Site: site1.local
Queued events for site site1.local
[DEBUG] 2020-03-18 12:26:29,965 | /home/mandy/frappe-bench/apps/frappe/frappe/utils/scheduler.py:
Site: site1.local
Queued events for site site1.local
[DEBUG] 2020-03-18 12:27:30,167 | /home/mandy/frappe-bench/apps/frappe/frappe/utils/scheduler.py:
Site: site1.local
Queued events for site site1.local
[DEBUG] 2020-03-18 12:28:30,419 | /home/mandy/frappe-bench/apps/frappe/frappe/utils/scheduler.py:
Site: site1.local
Queued events for site site1.local
[DEBUG] 2020-03-18 12:29:30,621 | /home/mandy/frappe-bench/apps/frappe/frappe/utils/scheduler.py:
Site: site1.local
Queued events for site site1.local
[DEBUG] 2020-03-18 12:30:30,806 | /home/mandy/frappe-bench/apps/frappe/frappe/utils/scheduler.py:
Site: site1.local
Queued events for site site1.local
[DEBUG] 2020-03-18 12:31:31,137 | /home/mandy/frappe-bench/apps/frappe/frappe/utils/scheduler.py:
Site: site1.local
Queued events for site site1.local
[DEBUG] 2020-03-18 12:32:31,386 | /home/mandy/frappe-bench/apps/frappe/frappe/utils/scheduler.py:
Site: site1.local
Queued events for site site1.local
[DEBUG] 2020-03-18 12:33:31,658 | /home/mandy/frappe-bench/apps/frappe/frappe/utils/scheduler.py:
Site: site1.local
Queued events for site site1.local
[DEBUG] 2020-03-18 12:34:31,848 | /home/mandy/frappe-bench/apps/frappe/frappe/utils/scheduler.py:
Site: site1.local
Queued events for site site1.local
[DEBUG] 2020-03-18 12:35:32,046 | /home/mandy/frappe-bench/apps/frappe/frappe/utils/scheduler.py:
Site: site1.local
Queued events for site site1.local
[DEBUG] 2020-03-18 12:36:32,273 | /home/mandy/frappe-bench/apps/frappe/frappe/utils/scheduler.py:
Site: site1.local
Queued events for site site1.local
[DEBUG] 2020-03-18 12:37:32,478 | /home/mandy/frappe-bench/apps/frappe/frappe/utils/scheduler.py:
Site: site1.local
Queued events for site site1.local
[DEBUG] 2020-03-18 12:38:32,685 | /home/mandy/frappe-bench/apps/frappe/frappe/utils/scheduler.py:
Site: site1.local
Queued events for site site1.local
[DEBUG] 2020-03-18 12:39:32,873 | /home/mandy/frappe-bench/apps/frappe/frappe/utils/scheduler.py:
Site: site1.local
Queued events for site site1.local
[DEBUG] 2020-03-18 12:40:33,109 | /home/mandy/frappe-bench/apps/frappe/frappe/utils/scheduler.py:
Site: site1.local
Queued events for site site1.local
[DEBUG] 2020-03-18 12:41:33,284 | /home/mandy/frappe-bench/apps/frappe/frappe/utils/scheduler.py:
Site: site1.local
Queued events for site site1.local
[DEBUG] 2020-03-18 12:42:33,500 | /home/mandy/frappe-bench/apps/frappe/frappe/utils/scheduler.py:
Site: site1.local
Queued events for site site1.local
[DEBUG] 2020-03-18 12:43:33,701 | /home/mandy/frappe-bench/apps/frappe/frappe/utils/scheduler.py:
Site: site1.local
Queued events for site site1.local
[DEBUG] 2020-03-18 12:44:33,931 | /home/mandy/frappe-bench/apps/frappe/frappe/utils/scheduler.py:
Site: site1.local
Queued events for site site1.local
[DEBUG] 2020-03-18 12:45:34,141 | /home/mandy/frappe-bench/apps/frappe/frappe/utils/scheduler.py:
Site: site1.local
Queued events for site site1.local
[DEBUG] 2020-03-18 12:46:34,342 | /home/mandy/frappe-bench/apps/frappe/frappe/utils/scheduler.py:
Site: site1.local
Queued events for site site1.local
[DEBUG] 2020-03-18 12:47:34,569 | /home/mandy/frappe-bench/apps/frappe/frappe/utils/scheduler.py:
Site: site1.local
Queued events for site site1.local
[DEBUG] 2020-03-18 12:48:34,819 | /home/mandy/frappe-bench/apps/frappe/frappe/utils/scheduler.py:
Site: site1.local
Queued events for site site1.local
[DEBUG] 2020-03-18 12:49:35,010 | /home/mandy/frappe-bench/apps/frappe/frappe/utils/scheduler.py:
Site: site1.local
Queued events for site site1.local
[DEBUG] 2020-03-18 12:50:35,223 | /home/mandy/frappe-bench/apps/frappe/frappe/utils/scheduler.py:
Site: site1.local
Queued events for site site1.local
[ERROR] 2020-03-18 12:50:51,581 | /home/mandy/frappe-bench/apps/frappe/frappe/app.py:
Site: site1.local
Form Dict: {
 "cmd": "frappe.desk.form.utils.get_next",
 "doctype": "Payment Entry",
 "filters": "[[\"Payment Entry Reference\",\"reference_name\",\"=\",\"ACC-SINV-2019-00270\",false]]",
 "prev": "1",
 "sort_field": "modified",
 "sort_order": "desc",
 "value": "ACC-PAY-2020-00848"
}
Request Error
Traceback (most recent call last):
  File "/home/mandy/frappe-bench/apps/frappe/frappe/app.py", line 60, in application
    response = frappe.api.handle()
  File "/home/mandy/frappe-bench/apps/frappe/frappe/api.py", line 55, in handle
    return frappe.handler.handle()
  File "/home/mandy/frappe-bench/apps/frappe/frappe/handler.py", line 21, in handle
    data = execute_cmd(cmd)
  File "/home/mandy/frappe-bench/apps/frappe/frappe/handler.py", line 56, in execute_cmd
    return frappe.call(method, **frappe.form_dict)
  File "/home/mandy/frappe-bench/apps/frappe/frappe/__init__.py", line 1036, in call
    return fn(*args, **newargs)
  File "/home/mandy/frappe-bench/apps/frappe/frappe/desk/form/utils.py", line 109, in get_next
    limit_start=0, limit_page_length=1, as_list=True)
  File "/home/mandy/frappe-bench/apps/frappe/frappe/__init__.py", line 1266, in get_list
    return frappe.model.db_query.DatabaseQuery(doctype).execute(None, *args, **kwargs)
  File "/home/mandy/frappe-bench/apps/frappe/frappe/model/db_query.py", line 95, in execute
    result = self.build_and_run()
  File "/home/mandy/frappe-bench/apps/frappe/frappe/model/db_query.py", line 129, in build_and_run
    return frappe.db.sql(query, as_dict=not self.as_list, debug=self.debug, update=self.update)
  File "/home/mandy/frappe-bench/apps/frappe/frappe/database/database.py", line 171, in sql
    self._cursor.execute(query)
  File "/home/mandy/frappe-bench/env/lib/python3.6/site-packages/pymysql/cursors.py", line 170, in execute
    result = self._query(query)
  File "/home/mandy/frappe-bench/env/lib/python3.6/site-packages/pymysql/cursors.py", line 328, in _query
    conn.query(q)
  File "/home/mandy/frappe-bench/env/lib/python3.6/site-packages/pymysql/connections.py", line 517, in query
    self._affected_rows = self._read_query_result(unbuffered=unbuffered)
  File "/home/mandy/frappe-bench/env/lib/python3.6/site-packages/pymysql/connections.py", line 732, in _read_query_result
    result.read()
  File "/home/mandy/frappe-bench/env/lib/python3.6/site-packages/pymysql/connections.py", line 1075, in read
    first_packet = self.connection._read_packet()
  File "/home/mandy/frappe-bench/env/lib/python3.6/site-packages/pymysql/connections.py", line 684, in _read_packet
    packet.check_error()
  File "/home/mandy/frappe-bench/env/lib/python3.6/site-packages/pymysql/protocol.py", line 220, in check_error
    err.raise_mysql_exception(self._data)
  File "/home/mandy/frappe-bench/env/lib/python3.6/site-packages/pymysql/err.py", line 109, in raise_mysql_exception
    raise errorclass(errno, errval)
pymysql.err.InternalError: (1052, "Column 'modified' in order clause is ambiguous")
[ERROR] 2020-03-18 12:50:51,595 | /home/mandy/frappe-bench/apps/frappe/frappe/utils/error.py:
Could not take error snapshot: startswith first arg must be str or a tuple of str, not bytes
Traceback (most recent call last):
  File "/home/mandy/frappe-bench/apps/frappe/frappe/app.py", line 60, in application
    response = frappe.api.handle()
  File "/home/mandy/frappe-bench/apps/frappe/frappe/api.py", line 55, in handle
    return frappe.handler.handle()
  File "/home/mandy/frappe-bench/apps/frappe/frappe/handler.py", line 21, in handle
    data = execute_cmd(cmd)
  File "/home/mandy/frappe-bench/apps/frappe/frappe/handler.py", line 56, in execute_cmd
    return frappe.call(method, **frappe.form_dict)
  File "/home/mandy/frappe-bench/apps/frappe/frappe/__init__.py", line 1036, in call
    return fn(*args, **newargs)
  File "/home/mandy/frappe-bench/apps/frappe/frappe/desk/form/utils.py", line 109, in get_next
    limit_start=0, limit_page_length=1, as_list=True)
  File "/home/mandy/frappe-bench/apps/frappe/frappe/__init__.py", line 1266, in get_list
    return frappe.model.db_query.DatabaseQuery(doctype).execute(None, *args, **kwargs)
  File "/home/mandy/frappe-bench/apps/frappe/frappe/model/db_query.py", line 95, in execute
    result = self.build_and_run()
  File "/home/mandy/frappe-bench/apps/frappe/frappe/model/db_query.py", line 129, in build_and_run
    return frappe.db.sql(query, as_dict=not self.as_list, debug=self.debug, update=self.update)
  File "/home/mandy/frappe-bench/apps/frappe/frappe/database/database.py", line 171, in sql
    self._cursor.execute(query)
  File "/home/mandy/frappe-bench/env/lib/python3.6/site-packages/pymysql/cursors.py", line 170, in execute
    result = self._query(query)
  File "/home/mandy/frappe-bench/env/lib/python3.6/site-packages/pymysql/cursors.py", line 328, in _query
    conn.query(q)
  File "/home/mandy/frappe-bench/env/lib/python3.6/site-packages/pymysql/connections.py", line 517, in query
    self._affected_rows = self._read_query_result(unbuffered=unbuffered)
  File "/home/mandy/frappe-bench/env/lib/python3.6/site-packages/pymysql/connections.py", line 732, in _read_query_result
    result.read()
  File "/home/mandy/frappe-bench/env/lib/python3.6/site-packages/pymysql/connections.py", line 1075, in read
    first_packet = self.connection._read_packet()
  File "/home/mandy/frappe-bench/env/lib/python3.6/site-packages/pymysql/connections.py", line 684, in _read_packet
    packet.check_error()
  File "/home/mandy/frappe-bench/env/lib/python3.6/site-packages/pymysql/protocol.py", line 220, in check_error
    err.raise_mysql_exception(self._data)
  File "/home/mandy/frappe-bench/env/lib/python3.6/site-packages/pymysql/err.py", line 109, in raise_mysql_exception
    raise errorclass(errno, errval)
pymysql.err.InternalError: (1052, "Column 'modified' in order clause is ambiguous")

During handling of the above exception, another exception occurred:

Traceback (most recent call last):
  File "/home/mandy/frappe-bench/apps/frappe/frappe/utils/error.py", line 36, in make_error_snapshot
    snapshot = get_snapshot(exception)
  File "/home/mandy/frappe-bench/apps/frappe/frappe/utils/error.py", line 131, in get_snapshot
    if type(value)==str and value.startswith(b"u'"):
TypeError: startswith first arg must be str or a tuple of str, not bytes
[DEBUG] 2020-03-18 12:51:35,434 | /home/mandy/frappe-bench/apps/frappe/frappe/utils/scheduler.py:
Site: site1.local
Queued events for site site1.local
[DEBUG] 2020-03-18 12:52:35,668 | /home/mandy/frappe-bench/apps/frappe/frappe/utils/scheduler.py:
Site: site1.local
Queued events for site site1.local
[DEBUG] 2020-03-18 12:53:35,865 | /home/mandy/frappe-bench/apps/frappe/frappe/utils/scheduler.py:
Site: site1.local
Queued events for site site1.local
[DEBUG] 2020-03-18 12:54:36,053 | /home/mandy/frappe-bench/apps/frappe/frappe/utils/scheduler.py:
Site: site1.local
Queued events for site site1.local
[DEBUG] 2020-03-18 12:55:36,247 | /home/mandy/frappe-bench/apps/frappe/frappe/utils/scheduler.py:
Site: site1.local
Queued events for site site1.local
[DEBUG] 2020-03-18 12:56:36,482 | /home/mandy/frappe-bench/apps/frappe/frappe/utils/scheduler.py:
Site: site1.local
Queued events for site site1.local
[DEBUG] 2020-03-18 12:57:36,678 | /home/mandy/frappe-bench/apps/frappe/frappe/utils/scheduler.py:
Site: site1.local
Queued events for site site1.local
[DEBUG] 2020-03-18 12:58:36,873 | /home/mandy/frappe-bench/apps/frappe/frappe/utils/scheduler.py:
Site: site1.local
Queued events for site site1.local
[DEBUG] 2020-03-18 12:59:37,063 | /home/mandy/frappe-bench/apps/frappe/frappe/utils/scheduler.py:
Site: site1.local
Queued events for site site1.local
[DEBUG] 2020-03-18 13:00:37,368 | /home/mandy/frappe-bench/apps/frappe/frappe/utils/scheduler.py:
Site: site1.local
Queued events for site site1.local
[DEBUG] 2020-03-18 13:01:37,658 | /home/mandy/frappe-bench/apps/frappe/frappe/utils/scheduler.py:
Site: site1.local
Queued events for site site1.local
[DEBUG] 2020-03-18 13:02:37,877 | /home/mandy/frappe-bench/apps/frappe/frappe/utils/scheduler.py:
Site: site1.local
Queued events for site site1.local
[DEBUG] 2020-03-18 13:03:38,098 | /home/mandy/frappe-bench/apps/frappe/frappe/utils/scheduler.py:
Site: site1.local
Queued events for site site1.local
[DEBUG] 2020-03-18 13:04:38,349 | /home/mandy/frappe-bench/apps/frappe/frappe/utils/scheduler.py:
Site: site1.local
Queued events for site site1.local
[DEBUG] 2020-03-18 13:05:38,535 | /home/mandy/frappe-bench/apps/frappe/frappe/utils/scheduler.py:
Site: site1.local
Queued events for site site1.local
[DEBUG] 2020-03-18 13:06:38,731 | /home/mandy/frappe-bench/apps/frappe/frappe/utils/scheduler.py:
Site: site1.local
Queued events for site site1.local
[DEBUG] 2020-03-18 13:07:38,924 | /home/mandy/frappe-bench/apps/frappe/frappe/utils/scheduler.py:
Site: site1.local
Queued events for site site1.local
[DEBUG] 2020-03-18 13:08:39,165 | /home/mandy/frappe-bench/apps/frappe/frappe/utils/scheduler.py:
Site: site1.local
Queued events for site site1.local
[DEBUG] 2020-03-18 13:09:39,353 | /home/mandy/frappe-bench/apps/frappe/frappe/utils/scheduler.py:
Site: site1.local
Queued events for site site1.local
[DEBUG] 2020-03-18 13:10:39,552 | /home/mandy/frappe-bench/apps/frappe/frappe/utils/scheduler.py:
Site: site1.local
Queued events for site site1.local
[DEBUG] 2020-03-18 13:11:39,747 | /home/mandy/frappe-bench/apps/frappe/frappe/utils/scheduler.py:
Site: site1.local
Queued events for site site1.local
[DEBUG] 2020-03-18 13:12:39,978 | /home/mandy/frappe-bench/apps/frappe/frappe/utils/scheduler.py:
Site: site1.local
Queued events for site site1.local
[DEBUG] 2020-03-18 13:13:40,172 | /home/mandy/frappe-bench/apps/frappe/frappe/utils/scheduler.py:
Site: site1.local
Queued events for site site1.local
[DEBUG] 2020-03-18 13:14:40,367 | /home/mandy/frappe-bench/apps/frappe/frappe/utils/scheduler.py:
Site: site1.local
Queued events for site site1.local
[DEBUG] 2020-03-18 13:15:40,560 | /home/mandy/frappe-bench/apps/frappe/frappe/utils/scheduler.py:
Site: site1.local
Queued events for site site1.local
[DEBUG] 2020-03-18 13:16:40,803 | /home/mandy/frappe-bench/apps/frappe/frappe/utils/scheduler.py:
Site: site1.local
Queued events for site site1.local
[DEBUG] 2020-03-18 13:17:40,996 | /home/mandy/frappe-bench/apps/frappe/frappe/utils/scheduler.py:
Site: site1.local
Queued events for site site1.local
[DEBUG] 2020-03-18 13:18:41,184 | /home/mandy/frappe-bench/apps/frappe/frappe/utils/scheduler.py:
Site: site1.local
Queued events for site site1.local
[DEBUG] 2020-03-18 13:19:41,380 | /home/mandy/frappe-bench/apps/frappe/frappe/utils/scheduler.py:
Site: site1.local
Queued events for site site1.local
[DEBUG] 2020-03-18 13:20:41,622 | /home/mandy/frappe-bench/apps/frappe/frappe/utils/scheduler.py:
Site: site1.local
Queued events for site site1.local
[DEBUG] 2020-03-18 13:21:41,810 | /home/mandy/frappe-bench/apps/frappe/frappe/utils/scheduler.py:
Site: site1.local
Queued events for site site1.local
[DEBUG] 2020-03-18 13:22:42,026 | /home/mandy/frappe-bench/apps/frappe/frappe/utils/scheduler.py:
Site: site1.local
Queued events for site site1.local
[DEBUG] 2020-03-18 13:23:42,217 | /home/mandy/frappe-bench/apps/frappe/frappe/utils/scheduler.py:
Site: site1.local
Queued events for site site1.local
[DEBUG] 2020-03-18 13:24:42,458 | /home/mandy/frappe-bench/apps/frappe/frappe/utils/scheduler.py:
Site: site1.local
Queued events for site site1.local
[DEBUG] 2020-03-18 13:25:42,653 | /home/mandy/frappe-bench/apps/frappe/frappe/utils/scheduler.py:
Site: site1.local
Queued events for site site1.local
[DEBUG] 2020-03-18 13:26:42,854 | /home/mandy/frappe-bench/apps/frappe/frappe/utils/scheduler.py:
Site: site1.local
Queued events for site site1.local
[DEBUG] 2020-03-18 13:27:43,050 | /home/mandy/frappe-bench/apps/frappe/frappe/utils/scheduler.py:
Site: site1.local
Queued events for site site1.local
[DEBUG] 2020-03-18 13:28:43,300 | /home/mandy/frappe-bench/apps/frappe/frappe/utils/scheduler.py:
Site: site1.local
Queued events for site site1.local
[DEBUG] 2020-03-18 13:29:43,627 | /home/mandy/frappe-bench/apps/frappe/frappe/utils/scheduler.py:
Site: site1.local
Queued events for site site1.local
[DEBUG] 2020-03-18 13:30:43,991 | /home/mandy/frappe-bench/apps/frappe/frappe/utils/scheduler.py:
Site: site1.local
Queued events for site site1.local
[DEBUG] 2020-03-18 13:31:44,414 | /home/mandy/frappe-bench/apps/frappe/frappe/utils/scheduler.py:
Site: site1.local
Queued events for site site1.local
[DEBUG] 2020-03-18 13:32:44,631 | /home/mandy/frappe-bench/apps/frappe/frappe/utils/scheduler.py:
Site: site1.local
Queued events for site site1.local
[DEBUG] 2020-03-18 13:33:44,840 | /home/mandy/frappe-bench/apps/frappe/frappe/utils/scheduler.py:
Site: site1.local
Queued events for site site1.local
