[DEBUG] 2020-04-07 12:58:08,528 | /home/mandy/frappe-bench/apps/frappe/frappe/utils/scheduler.py:
Site: site1.local
Queued events for site site1.local
[DEBUG] 2020-04-07 12:59:08,753 | /home/mandy/frappe-bench/apps/frappe/frappe/utils/scheduler.py:
Site: site1.local
Queued events for site site1.local
[DEBUG] 2020-04-07 13:00:09,058 | /home/mandy/frappe-bench/apps/frappe/frappe/utils/scheduler.py:
Site: site1.local
Queued events for site site1.local
[DEBUG] 2020-04-07 13:01:09,267 | /home/mandy/frappe-bench/apps/frappe/frappe/utils/scheduler.py:
Site: site1.local
Queued events for site site1.local
[DEBUG] 2020-04-07 13:02:09,462 | /home/mandy/frappe-bench/apps/frappe/frappe/utils/scheduler.py:
Site: site1.local
Queued events for site site1.local
[DEBUG] 2020-04-07 13:03:09,662 | /home/mandy/frappe-bench/apps/frappe/frappe/utils/scheduler.py:
Site: site1.local
Queued events for site site1.local
[DEBUG] 2020-04-07 13:04:09,906 | /home/mandy/frappe-bench/apps/frappe/frappe/utils/scheduler.py:
Site: site1.local
Queued events for site site1.local
[DEBUG] 2020-04-07 13:05:10,100 | /home/mandy/frappe-bench/apps/frappe/frappe/utils/scheduler.py:
Site: site1.local
Queued events for site site1.local
[DEBUG] 2020-04-07 13:06:10,286 | /home/mandy/frappe-bench/apps/frappe/frappe/utils/scheduler.py:
Site: site1.local
Queued events for site site1.local
[DEBUG] 2020-04-07 13:07:10,494 | /home/mandy/frappe-bench/apps/frappe/frappe/utils/scheduler.py:
Site: site1.local
Queued events for site site1.local
[DEBUG] 2020-04-07 13:08:10,727 | /home/mandy/frappe-bench/apps/frappe/frappe/utils/scheduler.py:
Site: site1.local
Queued events for site site1.local
[DEBUG] 2020-04-07 13:09:10,938 | /home/mandy/frappe-bench/apps/frappe/frappe/utils/scheduler.py:
Site: site1.local
Queued events for site site1.local
[DEBUG] 2020-04-07 13:10:11,138 | /home/mandy/frappe-bench/apps/frappe/frappe/utils/scheduler.py:
Site: site1.local
Queued events for site site1.local
[DEBUG] 2020-04-07 13:11:11,345 | /home/mandy/frappe-bench/apps/frappe/frappe/utils/scheduler.py:
Site: site1.local
Queued events for site site1.local
[DEBUG] 2020-04-07 13:12:11,576 | /home/mandy/frappe-bench/apps/frappe/frappe/utils/scheduler.py:
Site: site1.local
Queued events for site site1.local
[DEBUG] 2020-04-07 13:13:11,785 | /home/mandy/frappe-bench/apps/frappe/frappe/utils/scheduler.py:
Site: site1.local
Queued events for site site1.local
[DEBUG] 2020-04-07 13:14:11,977 | /home/mandy/frappe-bench/apps/frappe/frappe/utils/scheduler.py:
Site: site1.local
Queued events for site site1.local
[DEBUG] 2020-04-07 13:15:12,174 | /home/mandy/frappe-bench/apps/frappe/frappe/utils/scheduler.py:
Site: site1.local
Queued events for site site1.local
[DEBUG] 2020-04-07 13:16:12,424 | /home/mandy/frappe-bench/apps/frappe/frappe/utils/scheduler.py:
Site: site1.local
Queued events for site site1.local
[DEBUG] 2020-04-07 13:17:12,633 | /home/mandy/frappe-bench/apps/frappe/frappe/utils/scheduler.py:
Site: site1.local
Queued events for site site1.local
[DEBUG] 2020-04-07 13:18:12,836 | /home/mandy/frappe-bench/apps/frappe/frappe/utils/scheduler.py:
Site: site1.local
Queued events for site site1.local
[DEBUG] 2020-04-07 13:19:13,036 | /home/mandy/frappe-bench/apps/frappe/frappe/utils/scheduler.py:
Site: site1.local
Queued events for site site1.local
[DEBUG] 2020-04-07 13:20:13,287 | /home/mandy/frappe-bench/apps/frappe/frappe/utils/scheduler.py:
Site: site1.local
Queued events for site site1.local
[DEBUG] 2020-04-07 13:21:13,488 | /home/mandy/frappe-bench/apps/frappe/frappe/utils/scheduler.py:
Site: site1.local
Queued events for site site1.local
[DEBUG] 2020-04-07 13:22:13,691 | /home/mandy/frappe-bench/apps/frappe/frappe/utils/scheduler.py:
Site: site1.local
Queued events for site site1.local
[DEBUG] 2020-04-07 13:23:13,893 | /home/mandy/frappe-bench/apps/frappe/frappe/utils/scheduler.py:
Site: site1.local
Queued events for site site1.local
[DEBUG] 2020-04-07 13:24:14,141 | /home/mandy/frappe-bench/apps/frappe/frappe/utils/scheduler.py:
Site: site1.local
Queued events for site site1.local
[DEBUG] 2020-04-07 13:25:14,331 | /home/mandy/frappe-bench/apps/frappe/frappe/utils/scheduler.py:
Site: site1.local
Queued events for site site1.local
[DEBUG] 2020-04-07 13:26:14,556 | /home/mandy/frappe-bench/apps/frappe/frappe/utils/scheduler.py:
Site: site1.local
Queued events for site site1.local
[DEBUG] 2020-04-07 13:27:14,763 | /home/mandy/frappe-bench/apps/frappe/frappe/utils/scheduler.py:
Site: site1.local
Queued events for site site1.local
[DEBUG] 2020-04-07 13:28:14,984 | /home/mandy/frappe-bench/apps/frappe/frappe/utils/scheduler.py:
Site: site1.local
Queued events for site site1.local
[DEBUG] 2020-04-07 13:29:15,191 | /home/mandy/frappe-bench/apps/frappe/frappe/utils/scheduler.py:
Site: site1.local
Queued events for site site1.local
[DEBUG] 2020-04-07 13:30:15,404 | /home/mandy/frappe-bench/apps/frappe/frappe/utils/scheduler.py:
Site: site1.local
Queued events for site site1.local
[DEBUG] 2020-04-07 13:31:15,610 | /home/mandy/frappe-bench/apps/frappe/frappe/utils/scheduler.py:
Site: site1.local
Queued events for site site1.local
[DEBUG] 2020-04-07 13:32:15,937 | /home/mandy/frappe-bench/apps/frappe/frappe/utils/scheduler.py:
Site: site1.local
Queued events for site site1.local
[DEBUG] 2020-04-07 13:33:16,147 | /home/mandy/frappe-bench/apps/frappe/frappe/utils/scheduler.py:
Site: site1.local
Queued events for site site1.local
[DEBUG] 2020-04-07 13:34:16,357 | /home/mandy/frappe-bench/apps/frappe/frappe/utils/scheduler.py:
Site: site1.local
Queued events for site site1.local
[DEBUG] 2020-04-07 13:35:16,565 | /home/mandy/frappe-bench/apps/frappe/frappe/utils/scheduler.py:
Site: site1.local
Queued events for site site1.local
[DEBUG] 2020-04-07 13:36:16,807 | /home/mandy/frappe-bench/apps/frappe/frappe/utils/scheduler.py:
Site: site1.local
Queued events for site site1.local
[DEBUG] 2020-04-07 13:37:17,004 | /home/mandy/frappe-bench/apps/frappe/frappe/utils/scheduler.py:
Site: site1.local
Queued events for site site1.local
[DEBUG] 2020-04-07 13:38:17,198 | /home/mandy/frappe-bench/apps/frappe/frappe/utils/scheduler.py:
Site: site1.local
Queued events for site site1.local
[DEBUG] 2020-04-07 13:39:17,410 | /home/mandy/frappe-bench/apps/frappe/frappe/utils/scheduler.py:
Site: site1.local
Queued events for site site1.local
[DEBUG] 2020-04-07 13:40:17,662 | /home/mandy/frappe-bench/apps/frappe/frappe/utils/scheduler.py:
Site: site1.local
Queued events for site site1.local
[DEBUG] 2020-04-07 13:41:17,848 | /home/mandy/frappe-bench/apps/frappe/frappe/utils/scheduler.py:
Site: site1.local
Queued events for site site1.local
[DEBUG] 2020-04-07 13:42:18,041 | /home/mandy/frappe-bench/apps/frappe/frappe/utils/scheduler.py:
Site: site1.local
Queued events for site site1.local
[DEBUG] 2020-04-07 13:43:18,251 | /home/mandy/frappe-bench/apps/frappe/frappe/utils/scheduler.py:
Site: site1.local
Queued events for site site1.local
[DEBUG] 2020-04-07 13:44:18,503 | /home/mandy/frappe-bench/apps/frappe/frappe/utils/scheduler.py:
Site: site1.local
Queued events for site site1.local
[DEBUG] 2020-04-07 13:45:18,800 | /home/mandy/frappe-bench/apps/frappe/frappe/utils/scheduler.py:
Site: site1.local
Queued events for site site1.local
[DEBUG] 2020-04-07 13:46:19,004 | /home/mandy/frappe-bench/apps/frappe/frappe/utils/scheduler.py:
Site: site1.local
Queued events for site site1.local
[DEBUG] 2020-04-07 13:47:19,198 | /home/mandy/frappe-bench/apps/frappe/frappe/utils/scheduler.py:
Site: site1.local
Queued events for site site1.local
[DEBUG] 2020-04-07 13:48:19,437 | /home/mandy/frappe-bench/apps/frappe/frappe/utils/scheduler.py:
Site: site1.local
Queued events for site site1.local
[DEBUG] 2020-04-07 13:49:19,635 | /home/mandy/frappe-bench/apps/frappe/frappe/utils/scheduler.py:
Site: site1.local
Queued events for site site1.local
[DEBUG] 2020-04-07 13:50:19,822 | /home/mandy/frappe-bench/apps/frappe/frappe/utils/scheduler.py:
Site: site1.local
Queued events for site site1.local
[DEBUG] 2020-04-07 13:51:20,014 | /home/mandy/frappe-bench/apps/frappe/frappe/utils/scheduler.py:
Site: site1.local
Queued events for site site1.local
[DEBUG] 2020-04-07 13:52:20,246 | /home/mandy/frappe-bench/apps/frappe/frappe/utils/scheduler.py:
Site: site1.local
Queued events for site site1.local
[DEBUG] 2020-04-07 13:53:20,441 | /home/mandy/frappe-bench/apps/frappe/frappe/utils/scheduler.py:
Site: site1.local
Queued events for site site1.local
[DEBUG] 2020-04-07 13:54:20,639 | /home/mandy/frappe-bench/apps/frappe/frappe/utils/scheduler.py:
Site: site1.local
Queued events for site site1.local
[DEBUG] 2020-04-07 13:55:20,860 | /home/mandy/frappe-bench/apps/frappe/frappe/utils/scheduler.py:
Site: site1.local
Queued events for site site1.local
[DEBUG] 2020-04-07 13:56:21,109 | /home/mandy/frappe-bench/apps/frappe/frappe/utils/scheduler.py:
Site: site1.local
Queued events for site site1.local
[DEBUG] 2020-04-07 13:57:21,350 | /home/mandy/frappe-bench/apps/frappe/frappe/utils/scheduler.py:
Site: site1.local
Queued events for site site1.local
[DEBUG] 2020-04-07 13:58:21,536 | /home/mandy/frappe-bench/apps/frappe/frappe/utils/scheduler.py:
Site: site1.local
Queued events for site site1.local
[DEBUG] 2020-04-07 13:59:21,730 | /home/mandy/frappe-bench/apps/frappe/frappe/utils/scheduler.py:
Site: site1.local
Queued events for site site1.local
[DEBUG] 2020-04-07 14:00:22,013 | /home/mandy/frappe-bench/apps/frappe/frappe/utils/scheduler.py:
Site: site1.local
Queued events for site site1.local
[DEBUG] 2020-04-07 14:01:22,205 | /home/mandy/frappe-bench/apps/frappe/frappe/utils/scheduler.py:
Site: site1.local
Queued events for site site1.local
[DEBUG] 2020-04-07 14:02:22,398 | /home/mandy/frappe-bench/apps/frappe/frappe/utils/scheduler.py:
Site: site1.local
Queued events for site site1.local
[DEBUG] 2020-04-07 14:03:22,588 | /home/mandy/frappe-bench/apps/frappe/frappe/utils/scheduler.py:
Site: site1.local
Queued events for site site1.local
[DEBUG] 2020-04-07 14:04:22,815 | /home/mandy/frappe-bench/apps/frappe/frappe/utils/scheduler.py:
Site: site1.local
Queued events for site site1.local
[DEBUG] 2020-04-07 14:05:22,995 | /home/mandy/frappe-bench/apps/frappe/frappe/utils/scheduler.py:
Site: site1.local
Queued events for site site1.local
[DEBUG] 2020-04-07 14:06:23,182 | /home/mandy/frappe-bench/apps/frappe/frappe/utils/scheduler.py:
Site: site1.local
Queued events for site site1.local
[DEBUG] 2020-04-07 14:07:23,385 | /home/mandy/frappe-bench/apps/frappe/frappe/utils/scheduler.py:
Site: site1.local
Queued events for site site1.local
[DEBUG] 2020-04-07 14:08:23,622 | /home/mandy/frappe-bench/apps/frappe/frappe/utils/scheduler.py:
Site: site1.local
Queued events for site site1.local
[DEBUG] 2020-04-07 14:09:23,812 | /home/mandy/frappe-bench/apps/frappe/frappe/utils/scheduler.py:
Site: site1.local
Queued events for site site1.local
[DEBUG] 2020-04-07 14:10:24,012 | /home/mandy/frappe-bench/apps/frappe/frappe/utils/scheduler.py:
Site: site1.local
Queued events for site site1.local
[DEBUG] 2020-04-07 14:11:24,206 | /home/mandy/frappe-bench/apps/frappe/frappe/utils/scheduler.py:
Site: site1.local
Queued events for site site1.local
[DEBUG] 2020-04-07 14:12:24,440 | /home/mandy/frappe-bench/apps/frappe/frappe/utils/scheduler.py:
Site: site1.local
Queued events for site site1.local
[DEBUG] 2020-04-07 14:13:24,636 | /home/mandy/frappe-bench/apps/frappe/frappe/utils/scheduler.py:
Site: site1.local
Queued events for site site1.local
[DEBUG] 2020-04-07 14:14:24,840 | /home/mandy/frappe-bench/apps/frappe/frappe/utils/scheduler.py:
Site: site1.local
Queued events for site site1.local
[DEBUG] 2020-04-07 14:15:25,043 | /home/mandy/frappe-bench/apps/frappe/frappe/utils/scheduler.py:
Site: site1.local
Queued events for site site1.local
[DEBUG] 2020-04-07 14:16:25,305 | /home/mandy/frappe-bench/apps/frappe/frappe/utils/scheduler.py:
Site: site1.local
Queued events for site site1.local
[DEBUG] 2020-04-07 14:17:25,506 | /home/mandy/frappe-bench/apps/frappe/frappe/utils/scheduler.py:
Site: site1.local
Queued events for site site1.local
[DEBUG] 2020-04-07 14:18:25,699 | /home/mandy/frappe-bench/apps/frappe/frappe/utils/scheduler.py:
Site: site1.local
Queued events for site site1.local
[DEBUG] 2020-04-07 14:19:25,909 | /home/mandy/frappe-bench/apps/frappe/frappe/utils/scheduler.py:
Site: site1.local
Queued events for site site1.local
[DEBUG] 2020-04-07 14:20:26,150 | /home/mandy/frappe-bench/apps/frappe/frappe/utils/scheduler.py:
Site: site1.local
Queued events for site site1.local
[DEBUG] 2020-04-07 14:21:26,355 | /home/mandy/frappe-bench/apps/frappe/frappe/utils/scheduler.py:
Site: site1.local
Queued events for site site1.local
[DEBUG] 2020-04-07 14:22:26,552 | /home/mandy/frappe-bench/apps/frappe/frappe/utils/scheduler.py:
Site: site1.local
Queued events for site site1.local
[DEBUG] 2020-04-07 14:23:26,759 | /home/mandy/frappe-bench/apps/frappe/frappe/utils/scheduler.py:
Site: site1.local
Queued events for site site1.local
[DEBUG] 2020-04-07 14:24:26,999 | /home/mandy/frappe-bench/apps/frappe/frappe/utils/scheduler.py:
Site: site1.local
Queued events for site site1.local
[DEBUG] 2020-04-07 14:25:27,212 | /home/mandy/frappe-bench/apps/frappe/frappe/utils/scheduler.py:
Site: site1.local
Queued events for site site1.local
[DEBUG] 2020-04-07 14:26:27,417 | /home/mandy/frappe-bench/apps/frappe/frappe/utils/scheduler.py:
Site: site1.local
Queued events for site site1.local
[DEBUG] 2020-04-07 14:27:27,623 | /home/mandy/frappe-bench/apps/frappe/frappe/utils/scheduler.py:
Site: site1.local
Queued events for site site1.local
[DEBUG] 2020-04-07 14:28:27,858 | /home/mandy/frappe-bench/apps/frappe/frappe/utils/scheduler.py:
Site: site1.local
Queued events for site site1.local
[ERROR] 2020-04-07 14:29:14,653 | /home/mandy/frappe-bench/apps/frappe/frappe/app.py:
Site: site1.local
Form Dict: {
 "cmd": "frappe.core.doctype.sms_settings.sms_settings.send_sms",
 "msg": "Dear Sir/Ma'am, It was our pleasure serving you, your job LM-00056 is completed. We look forward to seeing you again for further details please contact 17601516 Thank you",
 "receiver_list": "[null]"
}
Request Error
Traceback (most recent call last):
  File "/home/mandy/frappe-bench/apps/frappe/frappe/app.py", line 60, in application
    response = frappe.api.handle()
  File "/home/mandy/frappe-bench/apps/frappe/frappe/api.py", line 55, in handle
    return frappe.handler.handle()
  File "/home/mandy/frappe-bench/apps/frappe/frappe/handler.py", line 21, in handle
    data = execute_cmd(cmd)
  File "/home/mandy/frappe-bench/apps/frappe/frappe/handler.py", line 56, in execute_cmd
    return frappe.call(method, **frappe.form_dict)
  File "/home/mandy/frappe-bench/apps/frappe/frappe/__init__.py", line 1036, in call
    return fn(*args, **newargs)
  File "/home/mandy/frappe-bench/apps/frappe/frappe/core/doctype/sms_settings/sms_settings.py", line 53, in send_sms
    receiver_list = validate_receiver_nos(receiver_list)
  File "/home/mandy/frappe-bench/apps/frappe/frappe/core/doctype/sms_settings/sms_settings.py", line 23, in validate_receiver_nos
    d = d.replace(x, '')
AttributeError: 'NoneType' object has no attribute 'replace'
[ERROR] 2020-04-07 14:29:15,461 | /home/mandy/frappe-bench/apps/frappe/frappe/utils/error.py:
Could not take error snapshot: startswith first arg must be str or a tuple of str, not bytes
Traceback (most recent call last):
  File "/home/mandy/frappe-bench/apps/frappe/frappe/app.py", line 60, in application
    response = frappe.api.handle()
  File "/home/mandy/frappe-bench/apps/frappe/frappe/api.py", line 55, in handle
    return frappe.handler.handle()
  File "/home/mandy/frappe-bench/apps/frappe/frappe/handler.py", line 21, in handle
    data = execute_cmd(cmd)
  File "/home/mandy/frappe-bench/apps/frappe/frappe/handler.py", line 56, in execute_cmd
    return frappe.call(method, **frappe.form_dict)
  File "/home/mandy/frappe-bench/apps/frappe/frappe/__init__.py", line 1036, in call
    return fn(*args, **newargs)
  File "/home/mandy/frappe-bench/apps/frappe/frappe/core/doctype/sms_settings/sms_settings.py", line 53, in send_sms
    receiver_list = validate_receiver_nos(receiver_list)
  File "/home/mandy/frappe-bench/apps/frappe/frappe/core/doctype/sms_settings/sms_settings.py", line 23, in validate_receiver_nos
    d = d.replace(x, '')
AttributeError: 'NoneType' object has no attribute 'replace'

During handling of the above exception, another exception occurred:

Traceback (most recent call last):
  File "/home/mandy/frappe-bench/apps/frappe/frappe/utils/error.py", line 36, in make_error_snapshot
    snapshot = get_snapshot(exception)
  File "/home/mandy/frappe-bench/apps/frappe/frappe/utils/error.py", line 131, in get_snapshot
    if type(value)==str and value.startswith(b"u'"):
TypeError: startswith first arg must be str or a tuple of str, not bytes
[DEBUG] 2020-04-07 14:29:28,055 | /home/mandy/frappe-bench/apps/frappe/frappe/utils/scheduler.py:
Site: site1.local
Queued events for site site1.local
[DEBUG] 2020-04-07 14:30:28,239 | /home/mandy/frappe-bench/apps/frappe/frappe/utils/scheduler.py:
Site: site1.local
Queued events for site site1.local
[DEBUG] 2020-04-07 14:31:28,427 | /home/mandy/frappe-bench/apps/frappe/frappe/utils/scheduler.py:
Site: site1.local
Queued events for site site1.local
[DEBUG] 2020-04-07 14:32:28,661 | /home/mandy/frappe-bench/apps/frappe/frappe/utils/scheduler.py:
Site: site1.local
Queued events for site site1.local
[DEBUG] 2020-04-07 14:33:28,855 | /home/mandy/frappe-bench/apps/frappe/frappe/utils/scheduler.py:
Site: site1.local
Queued events for site site1.local
[DEBUG] 2020-04-07 14:34:29,054 | /home/mandy/frappe-bench/apps/frappe/frappe/utils/scheduler.py:
Site: site1.local
Queued events for site site1.local
[DEBUG] 2020-04-07 14:35:29,257 | /home/mandy/frappe-bench/apps/frappe/frappe/utils/scheduler.py:
Site: site1.local
Queued events for site site1.local
[DEBUG] 2020-04-07 14:36:29,495 | /home/mandy/frappe-bench/apps/frappe/frappe/utils/scheduler.py:
Site: site1.local
Queued events for site site1.local
[DEBUG] 2020-04-07 14:37:29,704 | /home/mandy/frappe-bench/apps/frappe/frappe/utils/scheduler.py:
Site: site1.local
Queued events for site site1.local
[DEBUG] 2020-04-07 14:38:29,896 | /home/mandy/frappe-bench/apps/frappe/frappe/utils/scheduler.py:
Site: site1.local
Queued events for site site1.local
[DEBUG] 2020-04-07 14:39:30,104 | /home/mandy/frappe-bench/apps/frappe/frappe/utils/scheduler.py:
Site: site1.local
Queued events for site site1.local
[DEBUG] 2020-04-07 14:40:30,347 | /home/mandy/frappe-bench/apps/frappe/frappe/utils/scheduler.py:
Site: site1.local
Queued events for site site1.local
[DEBUG] 2020-04-07 14:41:30,528 | /home/mandy/frappe-bench/apps/frappe/frappe/utils/scheduler.py:
Site: site1.local
Queued events for site site1.local
[DEBUG] 2020-04-07 14:42:30,721 | /home/mandy/frappe-bench/apps/frappe/frappe/utils/scheduler.py:
Site: site1.local
Queued events for site site1.local
[DEBUG] 2020-04-07 14:43:30,925 | /home/mandy/frappe-bench/apps/frappe/frappe/utils/scheduler.py:
Site: site1.local
Queued events for site site1.local
[DEBUG] 2020-04-07 14:44:31,163 | /home/mandy/frappe-bench/apps/frappe/frappe/utils/scheduler.py:
Site: site1.local
Queued events for site site1.local
[DEBUG] 2020-04-07 14:45:31,366 | /home/mandy/frappe-bench/apps/frappe/frappe/utils/scheduler.py:
Site: site1.local
Queued events for site site1.local
[DEBUG] 2020-04-07 14:46:31,542 | /home/mandy/frappe-bench/apps/frappe/frappe/utils/scheduler.py:
Site: site1.local
Queued events for site site1.local
[DEBUG] 2020-04-07 14:47:31,743 | /home/mandy/frappe-bench/apps/frappe/frappe/utils/scheduler.py:
Site: site1.local
Queued events for site site1.local
[DEBUG] 2020-04-07 14:48:31,989 | /home/mandy/frappe-bench/apps/frappe/frappe/utils/scheduler.py:
Site: site1.local
Queued events for site site1.local
[DEBUG] 2020-04-07 14:49:32,191 | /home/mandy/frappe-bench/apps/frappe/frappe/utils/scheduler.py:
Site: site1.local
Queued events for site site1.local
[DEBUG] 2020-04-07 14:50:32,391 | /home/mandy/frappe-bench/apps/frappe/frappe/utils/scheduler.py:
Site: site1.local
Queued events for site site1.local
[DEBUG] 2020-04-07 14:51:32,652 | /home/mandy/frappe-bench/apps/frappe/frappe/utils/scheduler.py:
Site: site1.local
Queued events for site site1.local
[DEBUG] 2020-04-07 14:52:32,897 | /home/mandy/frappe-bench/apps/frappe/frappe/utils/scheduler.py:
Site: site1.local
Queued events for site site1.local
[DEBUG] 2020-04-07 14:53:33,124 | /home/mandy/frappe-bench/apps/frappe/frappe/utils/scheduler.py:
Site: site1.local
Queued events for site site1.local
[DEBUG] 2020-04-07 14:54:33,325 | /home/mandy/frappe-bench/apps/frappe/frappe/utils/scheduler.py:
Site: site1.local
Queued events for site site1.local
[DEBUG] 2020-04-07 14:55:33,542 | /home/mandy/frappe-bench/apps/frappe/frappe/utils/scheduler.py:
Site: site1.local
Queued events for site site1.local
[DEBUG] 2020-04-07 14:56:33,774 | /home/mandy/frappe-bench/apps/frappe/frappe/utils/scheduler.py:
Site: site1.local
Queued events for site site1.local
[DEBUG] 2020-04-07 14:57:33,992 | /home/mandy/frappe-bench/apps/frappe/frappe/utils/scheduler.py:
Site: site1.local
Queued events for site site1.local
[DEBUG] 2020-04-07 14:58:34,189 | /home/mandy/frappe-bench/apps/frappe/frappe/utils/scheduler.py:
Site: site1.local
Queued events for site site1.local
[DEBUG] 2020-04-07 14:59:34,396 | /home/mandy/frappe-bench/apps/frappe/frappe/utils/scheduler.py:
Site: site1.local
Queued events for site site1.local
[DEBUG] 2020-04-07 15:00:34,682 | /home/mandy/frappe-bench/apps/frappe/frappe/utils/scheduler.py:
Site: site1.local
Queued events for site site1.local
[DEBUG] 2020-04-07 15:01:34,922 | /home/mandy/frappe-bench/apps/frappe/frappe/utils/scheduler.py:
Site: site1.local
Queued events for site site1.local
[DEBUG] 2020-04-07 15:02:35,114 | /home/mandy/frappe-bench/apps/frappe/frappe/utils/scheduler.py:
Site: site1.local
Queued events for site site1.local
[DEBUG] 2020-04-07 15:03:35,315 | /home/mandy/frappe-bench/apps/frappe/frappe/utils/scheduler.py:
Site: site1.local
Queued events for site site1.local
[DEBUG] 2020-04-07 15:04:35,566 | /home/mandy/frappe-bench/apps/frappe/frappe/utils/scheduler.py:
Site: site1.local
Queued events for site site1.local
[DEBUG] 2020-04-07 15:05:35,778 | /home/mandy/frappe-bench/apps/frappe/frappe/utils/scheduler.py:
Site: site1.local
Queued events for site site1.local
[DEBUG] 2020-04-07 15:06:35,965 | /home/mandy/frappe-bench/apps/frappe/frappe/utils/scheduler.py:
Site: site1.local
Queued events for site site1.local
[DEBUG] 2020-04-07 15:07:36,168 | /home/mandy/frappe-bench/apps/frappe/frappe/utils/scheduler.py:
Site: site1.local
Queued events for site site1.local
[DEBUG] 2020-04-07 15:08:36,417 | /home/mandy/frappe-bench/apps/frappe/frappe/utils/scheduler.py:
Site: site1.local
Queued events for site site1.local
[DEBUG] 2020-04-07 15:09:36,815 | /home/mandy/frappe-bench/apps/frappe/frappe/utils/scheduler.py:
Site: site1.local
Queued events for site site1.local
[DEBUG] 2020-04-07 15:10:37,025 | /home/mandy/frappe-bench/apps/frappe/frappe/utils/scheduler.py:
Site: site1.local
Queued events for site site1.local
[DEBUG] 2020-04-07 15:11:37,224 | /home/mandy/frappe-bench/apps/frappe/frappe/utils/scheduler.py:
Site: site1.local
Queued events for site site1.local
[DEBUG] 2020-04-07 15:12:37,463 | /home/mandy/frappe-bench/apps/frappe/frappe/utils/scheduler.py:
Site: site1.local
Queued events for site site1.local
[DEBUG] 2020-04-07 15:13:37,647 | /home/mandy/frappe-bench/apps/frappe/frappe/utils/scheduler.py:
Site: site1.local
Queued events for site site1.local
[DEBUG] 2020-04-07 15:14:37,849 | /home/mandy/frappe-bench/apps/frappe/frappe/utils/scheduler.py:
Site: site1.local
Queued events for site site1.local
[ERROR] 2020-04-07 15:15:08,343 | /home/mandy/frappe-bench/apps/frappe/frappe/app.py:
Site: site1.local
Form Dict: {
 "cmd": "upload_file",
 "docname": "MO-00126",
 "doctype": "Project",
 "folder": "Home/Attachments",
 "is_private": "1"
}
Request Error
Traceback (most recent call last):
  File "/home/mandy/frappe-bench/apps/frappe/frappe/app.py", line 60, in application
    response = frappe.api.handle()
  File "/home/mandy/frappe-bench/apps/frappe/frappe/api.py", line 55, in handle
    return frappe.handler.handle()
  File "/home/mandy/frappe-bench/apps/frappe/frappe/handler.py", line 21, in handle
    data = execute_cmd(cmd)
  File "/home/mandy/frappe-bench/apps/frappe/frappe/handler.py", line 56, in execute_cmd
    return frappe.call(method, **frappe.form_dict)
  File "/home/mandy/frappe-bench/apps/frappe/frappe/__init__.py", line 1036, in call
    return fn(*args, **newargs)
  File "/home/mandy/frappe-bench/apps/frappe/frappe/handler.py", line 193, in upload_file
    ret.save(ignore_permissions=ignore_permissions)
  File "/home/mandy/frappe-bench/apps/frappe/frappe/model/document.py", line 271, in save
    return self._save(*args, **kwargs)
  File "/home/mandy/frappe-bench/apps/frappe/frappe/model/document.py", line 294, in _save
    self.insert()
  File "/home/mandy/frappe-bench/apps/frappe/frappe/model/document.py", line 252, in insert
    self.run_method("after_insert")
  File "/home/mandy/frappe-bench/apps/frappe/frappe/model/document.py", line 786, in run_method
    out = Document.hook(fn)(self, *args, **kwargs)
  File "/home/mandy/frappe-bench/apps/frappe/frappe/model/document.py", line 1056, in composer
    return composed(self, method, *args, **kwargs)
  File "/home/mandy/frappe-bench/apps/frappe/frappe/model/document.py", line 1039, in runner
    add_to_return_value(self, fn(self, *args, **kwargs))
  File "/home/mandy/frappe-bench/apps/frappe/frappe/model/document.py", line 780, in <lambda>
    fn = lambda self, *args, **kwargs: getattr(self, method)(*args, **kwargs)
  File "/home/mandy/frappe-bench/apps/frappe/frappe/core/doctype/file/file.py", line 75, in after_insert
    self.update_parent_folder_size()
  File "/home/mandy/frappe-bench/apps/frappe/frappe/core/doctype/file/file.py", line 162, in update_parent_folder_size
    frappe.get_doc("File", self.folder).set_folder_size()
  File "/home/mandy/frappe-bench/apps/frappe/frappe/core/doctype/file/file.py", line 144, in set_folder_size
    self.db_set('file_size', self.file_size)
  File "/home/mandy/frappe-bench/apps/frappe/frappe/model/document.py", line 992, in db_set
    self.modified, self.modified_by, update_modified=update_modified)
  File "/home/mandy/frappe-bench/apps/frappe/frappe/database/database.py", line 652, in set_value
    values, debug=debug)
  File "/home/mandy/frappe-bench/apps/frappe/frappe/database/database.py", line 156, in sql
    self._cursor.execute(query, values)
  File "/home/mandy/frappe-bench/env/lib/python3.6/site-packages/pymysql/cursors.py", line 170, in execute
    result = self._query(query)
  File "/home/mandy/frappe-bench/env/lib/python3.6/site-packages/pymysql/cursors.py", line 328, in _query
    conn.query(q)
  File "/home/mandy/frappe-bench/env/lib/python3.6/site-packages/pymysql/connections.py", line 517, in query
    self._affected_rows = self._read_query_result(unbuffered=unbuffered)
  File "/home/mandy/frappe-bench/env/lib/python3.6/site-packages/pymysql/connections.py", line 732, in _read_query_result
    result.read()
  File "/home/mandy/frappe-bench/env/lib/python3.6/site-packages/pymysql/connections.py", line 1075, in read
    first_packet = self.connection._read_packet()
  File "/home/mandy/frappe-bench/env/lib/python3.6/site-packages/pymysql/connections.py", line 684, in _read_packet
    packet.check_error()
  File "/home/mandy/frappe-bench/env/lib/python3.6/site-packages/pymysql/protocol.py", line 220, in check_error
    err.raise_mysql_exception(self._data)
  File "/home/mandy/frappe-bench/env/lib/python3.6/site-packages/pymysql/err.py", line 109, in raise_mysql_exception
    raise errorclass(errno, errval)
pymysql.err.OperationalError: (1213, 'Deadlock found when trying to get lock; try restarting transaction')
[ERROR] 2020-04-07 15:15:08,356 | /home/mandy/frappe-bench/apps/frappe/frappe/utils/error.py:
Could not take error snapshot: startswith first arg must be str or a tuple of str, not bytes
Traceback (most recent call last):
  File "/home/mandy/frappe-bench/apps/frappe/frappe/app.py", line 60, in application
    response = frappe.api.handle()
  File "/home/mandy/frappe-bench/apps/frappe/frappe/api.py", line 55, in handle
    return frappe.handler.handle()
  File "/home/mandy/frappe-bench/apps/frappe/frappe/handler.py", line 21, in handle
    data = execute_cmd(cmd)
  File "/home/mandy/frappe-bench/apps/frappe/frappe/handler.py", line 56, in execute_cmd
    return frappe.call(method, **frappe.form_dict)
  File "/home/mandy/frappe-bench/apps/frappe/frappe/__init__.py", line 1036, in call
    return fn(*args, **newargs)
  File "/home/mandy/frappe-bench/apps/frappe/frappe/handler.py", line 193, in upload_file
    ret.save(ignore_permissions=ignore_permissions)
  File "/home/mandy/frappe-bench/apps/frappe/frappe/model/document.py", line 271, in save
    return self._save(*args, **kwargs)
  File "/home/mandy/frappe-bench/apps/frappe/frappe/model/document.py", line 294, in _save
    self.insert()
  File "/home/mandy/frappe-bench/apps/frappe/frappe/model/document.py", line 252, in insert
    self.run_method("after_insert")
  File "/home/mandy/frappe-bench/apps/frappe/frappe/model/document.py", line 786, in run_method
    out = Document.hook(fn)(self, *args, **kwargs)
  File "/home/mandy/frappe-bench/apps/frappe/frappe/model/document.py", line 1056, in composer
    return composed(self, method, *args, **kwargs)
  File "/home/mandy/frappe-bench/apps/frappe/frappe/model/document.py", line 1039, in runner
    add_to_return_value(self, fn(self, *args, **kwargs))
  File "/home/mandy/frappe-bench/apps/frappe/frappe/model/document.py", line 780, in <lambda>
    fn = lambda self, *args, **kwargs: getattr(self, method)(*args, **kwargs)
  File "/home/mandy/frappe-bench/apps/frappe/frappe/core/doctype/file/file.py", line 75, in after_insert
    self.update_parent_folder_size()
  File "/home/mandy/frappe-bench/apps/frappe/frappe/core/doctype/file/file.py", line 162, in update_parent_folder_size
    frappe.get_doc("File", self.folder).set_folder_size()
  File "/home/mandy/frappe-bench/apps/frappe/frappe/core/doctype/file/file.py", line 144, in set_folder_size
    self.db_set('file_size', self.file_size)
  File "/home/mandy/frappe-bench/apps/frappe/frappe/model/document.py", line 992, in db_set
    self.modified, self.modified_by, update_modified=update_modified)
  File "/home/mandy/frappe-bench/apps/frappe/frappe/database/database.py", line 652, in set_value
    values, debug=debug)
  File "/home/mandy/frappe-bench/apps/frappe/frappe/database/database.py", line 156, in sql
    self._cursor.execute(query, values)
  File "/home/mandy/frappe-bench/env/lib/python3.6/site-packages/pymysql/cursors.py", line 170, in execute
    result = self._query(query)
  File "/home/mandy/frappe-bench/env/lib/python3.6/site-packages/pymysql/cursors.py", line 328, in _query
    conn.query(q)
  File "/home/mandy/frappe-bench/env/lib/python3.6/site-packages/pymysql/connections.py", line 517, in query
    self._affected_rows = self._read_query_result(unbuffered=unbuffered)
  File "/home/mandy/frappe-bench/env/lib/python3.6/site-packages/pymysql/connections.py", line 732, in _read_query_result
    result.read()
  File "/home/mandy/frappe-bench/env/lib/python3.6/site-packages/pymysql/connections.py", line 1075, in read
    first_packet = self.connection._read_packet()
  File "/home/mandy/frappe-bench/env/lib/python3.6/site-packages/pymysql/connections.py", line 684, in _read_packet
    packet.check_error()
  File "/home/mandy/frappe-bench/env/lib/python3.6/site-packages/pymysql/protocol.py", line 220, in check_error
    err.raise_mysql_exception(self._data)
  File "/home/mandy/frappe-bench/env/lib/python3.6/site-packages/pymysql/err.py", line 109, in raise_mysql_exception
    raise errorclass(errno, errval)
pymysql.err.OperationalError: (1213, 'Deadlock found when trying to get lock; try restarting transaction')

During handling of the above exception, another exception occurred:

Traceback (most recent call last):
  File "/home/mandy/frappe-bench/apps/frappe/frappe/utils/error.py", line 36, in make_error_snapshot
    snapshot = get_snapshot(exception)
  File "/home/mandy/frappe-bench/apps/frappe/frappe/utils/error.py", line 131, in get_snapshot
    if type(value)==str and value.startswith(b"u'"):
TypeError: startswith first arg must be str or a tuple of str, not bytes
[DEBUG] 2020-04-07 15:15:38,061 | /home/mandy/frappe-bench/apps/frappe/frappe/utils/scheduler.py:
Site: site1.local
Queued events for site site1.local
[DEBUG] 2020-04-07 15:16:38,414 | /home/mandy/frappe-bench/apps/frappe/frappe/utils/scheduler.py:
Site: site1.local
Queued events for site site1.local
[DEBUG] 2020-04-07 15:17:38,595 | /home/mandy/frappe-bench/apps/frappe/frappe/utils/scheduler.py:
Site: site1.local
Queued events for site site1.local
[DEBUG] 2020-04-07 15:18:38,806 | /home/mandy/frappe-bench/apps/frappe/frappe/utils/scheduler.py:
Site: site1.local
Queued events for site site1.local
[DEBUG] 2020-04-07 15:19:38,978 | /home/mandy/frappe-bench/apps/frappe/frappe/utils/scheduler.py:
Site: site1.local
Queued events for site site1.local
